{"/Users/craig/Developer/Public/bindable.js/lib/index.js":{"path":"/Users/craig/Developer/Public/bindable.js/lib/index.js","s":{"1":1,"2":1,"3":0},"b":{"1":[0,1]},"f":{},"fnMap":{},"statementMap":{"1":{"start":{"line":2,"column":0},"end":{"line":7,"column":2}},"2":{"start":{"line":9,"column":0},"end":{"line":11,"column":1}},"3":{"start":{"line":10,"column":2},"end":{"line":10,"column":35}}},"branchMap":{"1":{"line":9,"type":"if","locations":[{"start":{"line":9,"column":0},"end":{"line":9,"column":0}},{"start":{"line":9,"column":0},"end":{"line":9,"column":0}}]}}},"/Users/craig/Developer/Public/bindable.js/lib/object/index.js":{"path":"/Users/craig/Developer/Public/bindable.js/lib/object/index.js","s":{"1":1,"2":1,"3":59,"4":37,"5":22,"6":59,"7":1,"8":1,"9":43,"10":0,"11":43,"12":1,"13":42,"14":0,"15":3,"16":134,"17":134,"18":16,"19":118,"20":118,"21":78,"22":78,"23":9,"24":69,"25":39,"26":109,"27":109,"28":0,"29":0,"30":32,"31":32,"32":10,"33":10,"34":9,"35":22,"36":22,"37":25,"38":25,"39":25,"40":25,"41":13,"42":25,"43":9,"44":9,"45":9,"46":9,"47":22,"48":13,"49":13,"50":13,"51":32,"52":1,"53":31,"54":31,"55":31,"56":16,"57":0,"58":2,"59":2,"60":3,"61":3,"62":1,"63":3,"64":2,"65":1},"b":{"1":[37,22],"2":[0,43],"3":[1,42],"4":[43,6],"5":[16,118],"6":[134,28],"7":[12,106],"8":[12,0],"9":[9,69],"10":[39,30],"11":[69,39],"12":[109,0],"13":[10,22],"14":[32,22],"15":[9,1],"16":[12,10],"17":[12,0],"18":[13,12],"19":[25,12],"20":[9,16],"21":[13,9],"22":[22,13],"23":[1,31],"24":[1,2],"25":[3,3]},"f":{"1":59,"2":43,"3":0,"4":3,"5":134,"6":0,"7":32,"8":16,"9":0,"10":2},"fnMap":{"1":{"name":"Bindable","line":5,"loc":{"start":{"line":5,"column":0},"end":{"line":5,"column":28}}},"2":{"name":"(anonymous_2)","line":28,"loc":{"start":{"line":28,"column":11},"end":{"line":28,"column":27}}},"3":{"name":"(anonymous_3)","line":42,"loc":{"start":{"line":42,"column":8},"end":{"line":42,"column":20}}},"4":{"name":"(anonymous_4)","line":49,"loc":{"start":{"line":49,"column":7},"end":{"line":49,"column":22}}},"5":{"name":"(anonymous_5)","line":57,"loc":{"start":{"line":57,"column":7},"end":{"line":57,"column":27}}},"6":{"name":"(anonymous_6)","line":91,"loc":{"start":{"line":91,"column":17},"end":{"line":91,"column":39}}},"7":{"name":"(anonymous_7)","line":100,"loc":{"start":{"line":100,"column":7},"end":{"line":100,"column":34}}},"8":{"name":"(anonymous_8)","line":158,"loc":{"start":{"line":158,"column":8},"end":{"line":158,"column":37}}},"9":{"name":"(anonymous_9)","line":165,"loc":{"start":{"line":165,"column":11},"end":{"line":165,"column":23}}},"10":{"name":"(anonymous_10)","line":172,"loc":{"start":{"line":172,"column":10},"end":{"line":172,"column":22}}}},"statementMap":{"1":{"start":{"line":1,"column":0},"end":{"line":3,"column":49}},"2":{"start":{"line":5,"column":0},"end":{"line":14,"column":1}},"3":{"start":{"line":7,"column":2},"end":{"line":11,"column":3}},"4":{"start":{"line":8,"column":4},"end":{"line":8,"column":26}},"5":{"start":{"line":10,"column":4},"end":{"line":10,"column":24}},"6":{"start":{"line":13,"column":2},"end":{"line":13,"column":29}},"7":{"start":{"line":16,"column":0},"end":{"line":16,"column":40}},"8":{"start":{"line":18,"column":0},"end":{"line":186,"column":3}},"9":{"start":{"line":29,"column":4},"end":{"line":29,"column":49}},"10":{"start":{"line":29,"column":27},"end":{"line":29,"column":49}},"11":{"start":{"line":32,"column":4},"end":{"line":34,"column":5}},"12":{"start":{"line":33,"column":6},"end":{"line":33,"column":61}},"13":{"start":{"line":36,"column":4},"end":{"line":36,"column":26}},"14":{"start":{"line":43,"column":4},"end":{"line":43,"column":40}},"15":{"start":{"line":50,"column":4},"end":{"line":50,"column":33}},"16":{"start":{"line":59,"column":4},"end":{"line":59,"column":25}},"17":{"start":{"line":62,"column":4},"end":{"line":64,"column":5}},"18":{"start":{"line":63,"column":6},"end":{"line":63,"column":38}},"19":{"start":{"line":67,"column":4},"end":{"line":70,"column":20}},"20":{"start":{"line":73,"column":4},"end":{"line":83,"column":5}},"21":{"start":{"line":75,"column":6},"end":{"line":75,"column":47}},"22":{"start":{"line":77,"column":6},"end":{"line":77,"column":32}},"23":{"start":{"line":77,"column":25},"end":{"line":77,"column":32}},"24":{"start":{"line":80,"column":6},"end":{"line":82,"column":7}},"25":{"start":{"line":81,"column":8},"end":{"line":81,"column":46}},"26":{"start":{"line":85,"column":4},"end":{"line":85,"column":51}},"27":{"start":{"line":85,"column":21},"end":{"line":85,"column":51}},"28":{"start":{"line":92,"column":4},"end":{"line":94,"column":5}},"29":{"start":{"line":93,"column":6},"end":{"line":93,"column":40}},"30":{"start":{"line":102,"column":4},"end":{"line":102,"column":47}},"31":{"start":{"line":105,"column":4},"end":{"line":146,"column":5}},"32":{"start":{"line":106,"column":6},"end":{"line":106,"column":67}},"33":{"start":{"line":107,"column":6},"end":{"line":107,"column":55}},"34":{"start":{"line":107,"column":22},"end":{"line":107,"column":55}},"35":{"start":{"line":111,"column":6},"end":{"line":116,"column":15}},"36":{"start":{"line":118,"column":6},"end":{"line":139,"column":7}},"37":{"start":{"line":120,"column":8},"end":{"line":120,"column":35}},"38":{"start":{"line":121,"column":8},"end":{"line":121,"column":39}},"39":{"start":{"line":122,"column":8},"end":{"line":122,"column":56}},"40":{"start":{"line":125,"column":8},"end":{"line":127,"column":9}},"41":{"start":{"line":126,"column":10},"end":{"line":126,"column":61}},"42":{"start":{"line":131,"column":8},"end":{"line":138,"column":9}},"43":{"start":{"line":133,"column":10},"end":{"line":133,"column":40}},"44":{"start":{"line":135,"column":10},"end":{"line":135,"column":73}},"45":{"start":{"line":136,"column":10},"end":{"line":136,"column":44}},"46":{"start":{"line":137,"column":10},"end":{"line":137,"column":16}},"47":{"start":{"line":141,"column":6},"end":{"line":145,"column":7}},"48":{"start":{"line":142,"column":8},"end":{"line":142,"column":35}},"49":{"start":{"line":143,"column":8},"end":{"line":143,"column":49}},"50":{"start":{"line":144,"column":8},"end":{"line":144,"column":46}},"51":{"start":{"line":148,"column":4},"end":{"line":148,"column":28}},"52":{"start":{"line":148,"column":21},"end":{"line":148,"column":28}},"53":{"start":{"line":150,"column":4},"end":{"line":150,"column":53}},"54":{"start":{"line":151,"column":4},"end":{"line":151,"column":51}},"55":{"start":{"line":152,"column":4},"end":{"line":152,"column":17}},"56":{"start":{"line":159,"column":4},"end":{"line":159,"column":50}},"57":{"start":{"line":166,"column":4},"end":{"line":166,"column":25}},"58":{"start":{"line":173,"column":4},"end":{"line":173,"column":24}},"59":{"start":{"line":175,"column":4},"end":{"line":183,"column":5}},"60":{"start":{"line":176,"column":6},"end":{"line":176,"column":34}},"61":{"start":{"line":178,"column":6},"end":{"line":180,"column":7}},"62":{"start":{"line":179,"column":8},"end":{"line":180,"column":6}},"63":{"start":{"line":182,"column":6},"end":{"line":182,"column":23}},"64":{"start":{"line":184,"column":4},"end":{"line":184,"column":15}},"65":{"start":{"line":188,"column":0},"end":{"line":188,"column":42}}},"branchMap":{"1":{"line":7,"type":"if","locations":[{"start":{"line":7,"column":2},"end":{"line":7,"column":2}},{"start":{"line":7,"column":2},"end":{"line":7,"column":2}}]},"2":{"line":29,"type":"if","locations":[{"start":{"line":29,"column":4},"end":{"line":29,"column":4}},{"start":{"line":29,"column":4},"end":{"line":29,"column":4}}]},"3":{"line":32,"type":"if","locations":[{"start":{"line":32,"column":4},"end":{"line":32,"column":4}},{"start":{"line":32,"column":4},"end":{"line":32,"column":4}}]},"4":{"line":32,"type":"binary-expr","locations":[{"start":{"line":32,"column":8},"end":{"line":32,"column":25}},{"start":{"line":32,"column":29},"end":{"line":32,"column":42}}]},"5":{"line":62,"type":"if","locations":[{"start":{"line":62,"column":4},"end":{"line":62,"column":4}},{"start":{"line":62,"column":4},"end":{"line":62,"column":4}}]},"6":{"line":62,"type":"binary-expr","locations":[{"start":{"line":62,"column":9},"end":{"line":62,"column":50}},{"start":{"line":62,"column":55},"end":{"line":62,"column":89}}]},"7":{"line":67,"type":"cond-expr","locations":[{"start":{"line":67,"column":30},"end":{"line":67,"column":71}},{"start":{"line":67,"column":74},"end":{"line":67,"column":82}}]},"8":{"line":67,"type":"cond-expr","locations":[{"start":{"line":67,"column":39},"end":{"line":67,"column":58}},{"start":{"line":67,"column":61},"end":{"line":67,"column":71}}]},"9":{"line":77,"type":"if","locations":[{"start":{"line":77,"column":6},"end":{"line":77,"column":6}},{"start":{"line":77,"column":6},"end":{"line":77,"column":6}}]},"10":{"line":80,"type":"if","locations":[{"start":{"line":80,"column":6},"end":{"line":80,"column":6}},{"start":{"line":80,"column":6},"end":{"line":80,"column":6}}]},"11":{"line":80,"type":"binary-expr","locations":[{"start":{"line":80,"column":10},"end":{"line":80,"column":35}},{"start":{"line":80,"column":39},"end":{"line":80,"column":59}}]},"12":{"line":85,"type":"if","locations":[{"start":{"line":85,"column":4},"end":{"line":85,"column":4}},{"start":{"line":85,"column":4},"end":{"line":85,"column":4}}]},"13":{"line":105,"type":"if","locations":[{"start":{"line":105,"column":4},"end":{"line":105,"column":4}},{"start":{"line":105,"column":4},"end":{"line":105,"column":4}}]},"14":{"line":105,"type":"binary-expr","locations":[{"start":{"line":105,"column":9},"end":{"line":105,"column":50}},{"start":{"line":105,"column":55},"end":{"line":105,"column":89}}]},"15":{"line":107,"type":"if","locations":[{"start":{"line":107,"column":6},"end":{"line":107,"column":6}},{"start":{"line":107,"column":6},"end":{"line":107,"column":6}}]},"16":{"line":111,"type":"cond-expr","locations":[{"start":{"line":111,"column":33},"end":{"line":111,"column":74}},{"start":{"line":111,"column":77},"end":{"line":111,"column":85}}]},"17":{"line":111,"type":"cond-expr","locations":[{"start":{"line":111,"column":42},"end":{"line":111,"column":61}},{"start":{"line":111,"column":64},"end":{"line":111,"column":74}}]},"18":{"line":125,"type":"if","locations":[{"start":{"line":125,"column":8},"end":{"line":125,"column":8}},{"start":{"line":125,"column":8},"end":{"line":125,"column":8}}]},"19":{"line":125,"type":"binary-expr","locations":[{"start":{"line":125,"column":12},"end":{"line":125,"column":25}},{"start":{"line":125,"column":30},"end":{"line":125,"column":62}}]},"20":{"line":131,"type":"if","locations":[{"start":{"line":131,"column":8},"end":{"line":131,"column":8}},{"start":{"line":131,"column":8},"end":{"line":131,"column":8}}]},"21":{"line":141,"type":"if","locations":[{"start":{"line":141,"column":6},"end":{"line":141,"column":6}},{"start":{"line":141,"column":6},"end":{"line":141,"column":6}}]},"22":{"line":141,"type":"binary-expr","locations":[{"start":{"line":141,"column":10},"end":{"line":141,"column":19}},{"start":{"line":141,"column":24},"end":{"line":141,"column":57}}]},"23":{"line":148,"type":"if","locations":[{"start":{"line":148,"column":4},"end":{"line":148,"column":4}},{"start":{"line":148,"column":4},"end":{"line":148,"column":4}}]},"24":{"line":178,"type":"if","locations":[{"start":{"line":178,"column":6},"end":{"line":178,"column":6}},{"start":{"line":178,"column":6},"end":{"line":178,"column":6}}]},"25":{"line":178,"type":"binary-expr","locations":[{"start":{"line":178,"column":9},"end":{"line":178,"column":14}},{"start":{"line":178,"column":18},"end":{"line":178,"column":36}}]}}},"/Users/craig/Developer/Public/bindable.js/lib/core/eventEmitter.js":{"path":"/Users/craig/Developer/Public/bindable.js/lib/core/eventEmitter.js","s":{"1":1,"2":1,"3":59,"4":1,"5":1,"6":100,"7":0,"8":0,"9":0,"10":0,"11":100,"12":0,"13":0,"14":0,"15":0,"16":100,"17":0,"18":100,"19":100,"20":80,"21":20,"22":2,"23":18,"24":100,"25":100,"26":54,"27":1,"28":54,"29":54,"30":0,"31":54,"32":36,"33":18,"34":18,"35":18,"36":1,"37":1,"38":2,"39":2,"40":3,"41":3,"42":3,"43":1,"44":62,"45":49,"46":13,"47":13,"48":11,"49":0,"50":11,"51":0,"52":0,"53":10,"54":10,"55":1,"56":1,"57":0,"58":0,"59":0,"60":0,"61":0,"62":2,"63":2,"64":2,"65":4,"66":2,"67":4,"68":4,"69":1,"70":0,"71":1},"b":{"1":[0,100],"2":[0,100],"3":[0,100],"4":[80,20],"5":[2,18],"6":[0,54],"7":[36,18],"8":[18,0],"9":[49,13],"10":[11,2],"11":[0,11],"12":[0,10,1,0],"13":[4,0]},"f":{"1":59,"2":0,"3":100,"4":54,"5":54,"6":3,"7":2,"8":62,"9":0},"fnMap":{"1":{"name":"EventEmitter","line":4,"loc":{"start":{"line":4,"column":0},"end":{"line":4,"column":25}}},"2":{"name":"(anonymous_2)","line":8,"loc":{"start":{"line":8,"column":41},"end":{"line":8,"column":53}}},"3":{"name":"(anonymous_3)","line":12,"loc":{"start":{"line":12,"column":28},"end":{"line":12,"column":55}}},"4":{"name":"(anonymous_4)","line":49,"loc":{"start":{"line":49,"column":13},"end":{"line":49,"column":24}}},"5":{"name":"(anonymous_5)","line":55,"loc":{"start":{"line":55,"column":29},"end":{"line":55,"column":56}}},"6":{"name":"(anonymous_6)","line":72,"loc":{"start":{"line":72,"column":30},"end":{"line":72,"column":57}}},"7":{"name":"listener2","line":74,"loc":{"start":{"line":74,"column":2},"end":{"line":74,"column":24}}},"8":{"name":"(anonymous_8)","line":84,"loc":{"start":{"line":84,"column":30},"end":{"line":84,"column":47}}},"9":{"name":"(anonymous_9)","line":127,"loc":{"start":{"line":127,"column":44},"end":{"line":127,"column":61}}}},"statementMap":{"1":{"start":{"line":1,"column":0},"end":{"line":2,"column":39}},"2":{"start":{"line":4,"column":0},"end":{"line":6,"column":1}},"3":{"start":{"line":5,"column":2},"end":{"line":5,"column":20}},"4":{"start":{"line":8,"column":0},"end":{"line":12,"column":0}},"5":{"start":{"line":12,"column":0},"end":{"line":55,"column":0}},"6":{"start":{"line":14,"column":2},"end":{"line":21,"column":3}},"7":{"start":{"line":15,"column":4},"end":{"line":16,"column":22}},"8":{"start":{"line":17,"column":4},"end":{"line":19,"column":5}},"9":{"start":{"line":18,"column":6},"end":{"line":18,"column":54}},"10":{"start":{"line":20,"column":4},"end":{"line":20,"column":23}},"11":{"start":{"line":23,"column":2},"end":{"line":31,"column":3}},"12":{"start":{"line":24,"column":4},"end":{"line":25,"column":38}},"13":{"start":{"line":27,"column":4},"end":{"line":29,"column":5}},"14":{"start":{"line":28,"column":6},"end":{"line":28,"column":50}},"15":{"start":{"line":30,"column":4},"end":{"line":30,"column":23}},"16":{"start":{"line":33,"column":2},"end":{"line":35,"column":3}},"17":{"start":{"line":34,"column":4},"end":{"line":34,"column":73}},"18":{"start":{"line":37,"column":2},"end":{"line":37,"column":16}},"19":{"start":{"line":38,"column":2},"end":{"line":44,"column":3}},"20":{"start":{"line":39,"column":4},"end":{"line":39,"column":35}},"21":{"start":{"line":40,"column":9},"end":{"line":44,"column":3}},"22":{"start":{"line":41,"column":4},"end":{"line":41,"column":48}},"23":{"start":{"line":43,"column":4},"end":{"line":43,"column":29}},"24":{"start":{"line":46,"column":2},"end":{"line":46,"column":18}},"25":{"start":{"line":48,"column":2},"end":{"line":53,"column":0}},"26":{"start":{"line":50,"column":6},"end":{"line":50,"column":32}},"27":{"start":{"line":55,"column":0},"end":{"line":72,"column":0}},"28":{"start":{"line":57,"column":2},"end":{"line":57,"column":16}},"29":{"start":{"line":59,"column":2},"end":{"line":61,"column":3}},"30":{"start":{"line":60,"column":4},"end":{"line":60,"column":11}},"31":{"start":{"line":63,"column":2},"end":{"line":68,"column":3}},"32":{"start":{"line":64,"column":4},"end":{"line":64,"column":31}},"33":{"start":{"line":66,"column":4},"end":{"line":66,"column":40}},"34":{"start":{"line":67,"column":4},"end":{"line":67,"column":35}},"35":{"start":{"line":67,"column":12},"end":{"line":67,"column":35}},"36":{"start":{"line":72,"column":0},"end":{"line":84,"column":0}},"37":{"start":{"line":74,"column":2},"end":{"line":77,"column":3}},"38":{"start":{"line":75,"column":4},"end":{"line":75,"column":19}},"39":{"start":{"line":76,"column":4},"end":{"line":76,"column":36}},"40":{"start":{"line":79,"column":2},"end":{"line":79,"column":39}},"41":{"start":{"line":80,"column":2},"end":{"line":80,"column":21}},"42":{"start":{"line":81,"column":2},"end":{"line":81,"column":14}},"43":{"start":{"line":84,"column":0},"end":{"line":127,"column":0}},"44":{"start":{"line":88,"column":2},"end":{"line":88,"column":35}},"45":{"start":{"line":88,"column":28},"end":{"line":88,"column":35}},"46":{"start":{"line":91,"column":2},"end":{"line":91,"column":38}},"47":{"start":{"line":95,"column":2},"end":{"line":123,"column":3}},"48":{"start":{"line":96,"column":4},"end":{"line":115,"column":3}},"49":{"start":{"line":97,"column":6},"end":{"line":97,"column":18}},"50":{"start":{"line":99,"column":4},"end":{"line":114,"column":5}},"51":{"start":{"line":101,"column":8},"end":{"line":101,"column":32}},"52":{"start":{"line":102,"column":8},"end":{"line":102,"column":14}},"53":{"start":{"line":104,"column":8},"end":{"line":104,"column":46}},"54":{"start":{"line":105,"column":8},"end":{"line":105,"column":14}},"55":{"start":{"line":107,"column":8},"end":{"line":107,"column":60}},"56":{"start":{"line":108,"column":8},"end":{"line":108,"column":14}},"57":{"start":{"line":110,"column":8},"end":{"line":110,"column":33}},"58":{"start":{"line":111,"column":8},"end":{"line":111,"column":36}},"59":{"start":{"line":112,"column":8},"end":{"line":112,"column":60}},"60":{"start":{"line":112,"column":35},"end":{"line":112,"column":60}},"61":{"start":{"line":113,"column":8},"end":{"line":113,"column":36}},"62":{"start":{"line":117,"column":4},"end":{"line":117,"column":29}},"63":{"start":{"line":118,"column":4},"end":{"line":118,"column":32}},"64":{"start":{"line":119,"column":4},"end":{"line":119,"column":56}},"65":{"start":{"line":119,"column":31},"end":{"line":119,"column":56}},"66":{"start":{"line":120,"column":4},"end":{"line":122,"column":5}},"67":{"start":{"line":121,"column":6},"end":{"line":121,"column":54}},"68":{"start":{"line":121,"column":23},"end":{"line":121,"column":54}},"69":{"start":{"line":127,"column":0},"end":{"line":133,"column":0}},"70":{"start":{"line":128,"column":2},"end":{"line":128,"column":29}},"71":{"start":{"line":133,"column":0},"end":{"line":133,"column":30}}},"branchMap":{"1":{"line":14,"type":"if","locations":[{"start":{"line":14,"column":2},"end":{"line":14,"column":2}},{"start":{"line":14,"column":2},"end":{"line":14,"column":2}}]},"2":{"line":23,"type":"if","locations":[{"start":{"line":23,"column":2},"end":{"line":23,"column":2}},{"start":{"line":23,"column":2},"end":{"line":23,"column":2}}]},"3":{"line":33,"type":"if","locations":[{"start":{"line":33,"column":2},"end":{"line":33,"column":2}},{"start":{"line":33,"column":2},"end":{"line":33,"column":2}}]},"4":{"line":38,"type":"if","locations":[{"start":{"line":38,"column":2},"end":{"line":38,"column":2}},{"start":{"line":38,"column":2},"end":{"line":38,"column":2}}]},"5":{"line":40,"type":"if","locations":[{"start":{"line":40,"column":9},"end":{"line":40,"column":9}},{"start":{"line":40,"column":9},"end":{"line":40,"column":9}}]},"6":{"line":59,"type":"if","locations":[{"start":{"line":59,"column":2},"end":{"line":59,"column":2}},{"start":{"line":59,"column":2},"end":{"line":59,"column":2}}]},"7":{"line":63,"type":"if","locations":[{"start":{"line":63,"column":2},"end":{"line":63,"column":2}},{"start":{"line":63,"column":2},"end":{"line":63,"column":2}}]},"8":{"line":67,"type":"if","locations":[{"start":{"line":67,"column":4},"end":{"line":67,"column":4}},{"start":{"line":67,"column":4},"end":{"line":67,"column":4}}]},"9":{"line":88,"type":"if","locations":[{"start":{"line":88,"column":2},"end":{"line":88,"column":2}},{"start":{"line":88,"column":2},"end":{"line":88,"column":2}}]},"10":{"line":95,"type":"if","locations":[{"start":{"line":95,"column":2},"end":{"line":95,"column":2}},{"start":{"line":95,"column":2},"end":{"line":95,"column":2}}]},"11":{"line":96,"type":"if","locations":[{"start":{"line":96,"column":4},"end":{"line":96,"column":4}},{"start":{"line":96,"column":4},"end":{"line":96,"column":4}}]},"12":{"line":99,"type":"switch","locations":[{"start":{"line":100,"column":6},"end":{"line":102,"column":14}},{"start":{"line":103,"column":6},"end":{"line":105,"column":14}},{"start":{"line":106,"column":6},"end":{"line":108,"column":14}},{"start":{"line":109,"column":6},"end":{"line":113,"column":36}}]},"13":{"line":121,"type":"if","locations":[{"start":{"line":121,"column":6},"end":{"line":121,"column":6}},{"start":{"line":121,"column":6},"end":{"line":121,"column":6}}]}}},"/Users/craig/Developer/Public/bindable.js/lib/object/watchProperty.js":{"path":"/Users/craig/Developer/Public/bindable.js/lib/object/watchProperty.js","s":{"1":1,"2":1,"3":6,"4":6,"5":4,"6":1,"7":1,"8":9,"9":1,"10":10,"11":10,"12":10,"13":10,"14":10,"15":1,"16":50,"17":50,"18":11,"19":23,"20":23,"21":23,"22":7,"23":7,"24":23,"25":23,"26":6,"27":4,"28":6,"29":6,"30":0,"31":0,"32":6,"33":6,"34":11,"35":4,"36":4,"37":7,"38":0,"39":7,"40":7,"41":7,"42":17,"43":0,"44":23,"45":11,"46":5,"47":39,"48":66,"49":66,"50":66,"51":24,"52":66,"53":39,"54":1,"55":11,"56":0,"57":11,"58":51,"59":11,"60":9,"61":9,"62":17,"63":1,"64":1,"65":1,"66":1,"67":1,"68":1,"69":2,"70":2,"71":2,"72":2,"73":1,"74":1,"75":2,"76":0,"77":0,"78":1,"79":16,"80":1,"81":15,"82":15,"83":6,"84":9,"85":1},"b":{"1":[11,39],"2":[7,16],"3":[6,17],"4":[23,7],"5":[4,2],"6":[0,6],"7":[4,7],"8":[0,7],"9":[7,0],"10":[0,17],"11":[17,11],"12":[5,6],"13":[24,42],"14":[66,62],"15":[0,11],"16":[1,15],"17":[6,9]},"f":{"1":6,"2":4,"3":1,"4":9,"5":10,"6":50,"7":11,"8":11,"9":17,"10":1,"11":1,"12":2,"13":2,"14":1,"15":0,"16":16},"fnMap":{"1":{"name":"watchSimple","line":7,"loc":{"start":{"line":7,"column":0},"end":{"line":7,"column":46}}},"2":{"name":"(anonymous_2)","line":11,"loc":{"start":{"line":11,"column":9},"end":{"line":11,"column":21}}},"3":{"name":"(anonymous_3)","line":14,"loc":{"start":{"line":14,"column":13},"end":{"line":14,"column":25}}},"4":{"name":"watchChain","line":25,"loc":{"start":{"line":25,"column":0},"end":{"line":25,"column":55}}},"5":{"name":"onChange","line":29,"loc":{"start":{"line":29,"column":2},"end":{"line":29,"column":23}}},"6":{"name":"bind","line":37,"loc":{"start":{"line":37,"column":2},"end":{"line":37,"column":32}}},"7":{"name":"(anonymous_7)","line":89,"loc":{"start":{"line":89,"column":33},"end":{"line":89,"column":49}}},"8":{"name":"dispose","line":137,"loc":{"start":{"line":137,"column":2},"end":{"line":137,"column":22}}},"9":{"name":"(anonymous_9)","line":148,"loc":{"start":{"line":148,"column":9},"end":{"line":148,"column":21}}},"10":{"name":"watchMultiple","line":158,"loc":{"start":{"line":158,"column":0},"end":{"line":158,"column":46}}},"11":{"name":"(anonymous_11)","line":164,"loc":{"start":{"line":164,"column":23},"end":{"line":164,"column":35}}},"12":{"name":"(anonymous_12)","line":168,"loc":{"start":{"line":168,"column":17},"end":{"line":168,"column":37}}},"13":{"name":"onChange","line":170,"loc":{"start":{"line":170,"column":4},"end":{"line":170,"column":40}}},"14":{"name":"(anonymous_14)","line":180,"loc":{"start":{"line":180,"column":9},"end":{"line":180,"column":21}}},"15":{"name":"(anonymous_15)","line":185,"loc":{"start":{"line":185,"column":13},"end":{"line":185,"column":25}}},"16":{"name":"watchProperty","line":196,"loc":{"start":{"line":196,"column":0},"end":{"line":196,"column":48}}}},"statementMap":{"1":{"start":{"line":1,"column":0},"end":{"line":1,"column":26}},"2":{"start":{"line":7,"column":0},"end":{"line":18,"column":1}},"3":{"start":{"line":8,"column":2},"end":{"line":8,"column":55}},"4":{"start":{"line":10,"column":2},"end":{"line":18,"column":0}},"5":{"start":{"line":12,"column":6},"end":{"line":12,"column":33}},"6":{"start":{"line":15,"column":6},"end":{"line":15,"column":25}},"7":{"start":{"line":25,"column":0},"end":{"line":153,"column":1}},"8":{"start":{"line":27,"column":2},"end":{"line":27,"column":35}},"9":{"start":{"line":29,"column":2},"end":{"line":35,"column":3}},"10":{"start":{"line":30,"column":4},"end":{"line":30,"column":14}},"11":{"start":{"line":31,"column":4},"end":{"line":31,"column":19}},"12":{"start":{"line":32,"column":4},"end":{"line":32,"column":23}},"13":{"start":{"line":33,"column":4},"end":{"line":33,"column":26}},"14":{"start":{"line":34,"column":4},"end":{"line":34,"column":15}},"15":{"start":{"line":37,"column":2},"end":{"line":135,"column":3}},"16":{"start":{"line":39,"column":4},"end":{"line":39,"column":70}},"17":{"start":{"line":52,"column":4},"end":{"line":132,"column":5}},"18":{"start":{"line":54,"column":6},"end":{"line":110,"column":7}},"19":{"start":{"line":56,"column":8},"end":{"line":56,"column":48}},"20":{"start":{"line":57,"column":8},"end":{"line":57,"column":35}},"21":{"start":{"line":60,"column":8},"end":{"line":64,"column":9}},"22":{"start":{"line":61,"column":10},"end":{"line":61,"column":29}},"23":{"start":{"line":63,"column":10},"end":{"line":63,"column":46}},"24":{"start":{"line":67,"column":8},"end":{"line":67,"column":47}},"25":{"start":{"line":70,"column":8},"end":{"line":107,"column":9}},"26":{"start":{"line":72,"column":10},"end":{"line":72,"column":35}},"27":{"start":{"line":72,"column":23},"end":{"line":72,"column":35}},"28":{"start":{"line":75,"column":10},"end":{"line":75,"column":75}},"29":{"start":{"line":79,"column":10},"end":{"line":83,"column":11}},"30":{"start":{"line":80,"column":12},"end":{"line":82,"column":13}},"31":{"start":{"line":81,"column":14},"end":{"line":81,"column":48}},"32":{"start":{"line":86,"column":10},"end":{"line":86,"column":45}},"33":{"start":{"line":89,"column":10},"end":{"line":104,"column":13}},"34":{"start":{"line":91,"column":12},"end":{"line":94,"column":13}},"35":{"start":{"line":92,"column":14},"end":{"line":92,"column":32}},"36":{"start":{"line":93,"column":14},"end":{"line":93,"column":21}},"37":{"start":{"line":96,"column":12},"end":{"line":96,"column":30}},"38":{"start":{"line":96,"column":23},"end":{"line":96,"column":30}},"39":{"start":{"line":99,"column":12},"end":{"line":101,"column":13}},"40":{"start":{"line":100,"column":14},"end":{"line":100,"column":61}},"41":{"start":{"line":103,"column":12},"end":{"line":103,"column":34}},"42":{"start":{"line":105,"column":15},"end":{"line":107,"column":9}},"43":{"start":{"line":106,"column":10},"end":{"line":106,"column":45}},"44":{"start":{"line":109,"column":8},"end":{"line":109,"column":76}},"45":{"start":{"line":112,"column":6},"end":{"line":114,"column":7}},"46":{"start":{"line":113,"column":8},"end":{"line":113,"column":30}},"47":{"start":{"line":118,"column":6},"end":{"line":130,"column":7}},"48":{"start":{"line":120,"column":8},"end":{"line":120,"column":48}},"49":{"start":{"line":121,"column":8},"end":{"line":121,"column":47}},"50":{"start":{"line":125,"column":8},"end":{"line":127,"column":9}},"51":{"start":{"line":126,"column":10},"end":{"line":126,"column":45}},"52":{"start":{"line":129,"column":8},"end":{"line":129,"column":76}},"53":{"start":{"line":131,"column":6},"end":{"line":131,"column":24}},"54":{"start":{"line":137,"column":2},"end":{"line":143,"column":3}},"55":{"start":{"line":138,"column":4},"end":{"line":138,"column":27}},"56":{"start":{"line":138,"column":20},"end":{"line":138,"column":27}},"57":{"start":{"line":139,"column":4},"end":{"line":141,"column":5}},"58":{"start":{"line":140,"column":6},"end":{"line":140,"column":29}},"59":{"start":{"line":142,"column":4},"end":{"line":142,"column":26}},"60":{"start":{"line":145,"column":2},"end":{"line":145,"column":24}},"61":{"start":{"line":147,"column":2},"end":{"line":153,"column":0}},"62":{"start":{"line":149,"column":6},"end":{"line":149,"column":17}},"63":{"start":{"line":158,"column":0},"end":{"line":191,"column":1}},"64":{"start":{"line":160,"column":2},"end":{"line":162,"column":40}},"65":{"start":{"line":164,"column":2},"end":{"line":166,"column":8}},"66":{"start":{"line":165,"column":4},"end":{"line":166,"column":2}},"67":{"start":{"line":168,"column":2},"end":{"line":177,"column":5}},"68":{"start":{"line":170,"column":4},"end":{"line":174,"column":5}},"69":{"start":{"line":171,"column":6},"end":{"line":171,"column":27}},"70":{"start":{"line":172,"column":6},"end":{"line":172,"column":30}},"71":{"start":{"line":173,"column":6},"end":{"line":173,"column":12}},"72":{"start":{"line":176,"column":4},"end":{"line":176,"column":49}},"73":{"start":{"line":179,"column":2},"end":{"line":191,"column":0}},"74":{"start":{"line":181,"column":6},"end":{"line":183,"column":7}},"75":{"start":{"line":182,"column":8},"end":{"line":182,"column":26}},"76":{"start":{"line":186,"column":6},"end":{"line":188,"column":7}},"77":{"start":{"line":187,"column":8},"end":{"line":187,"column":30}},"78":{"start":{"line":196,"column":0},"end":{"line":208,"column":1}},"79":{"start":{"line":199,"column":2},"end":{"line":199,"column":91}},"80":{"start":{"line":199,"column":30},"end":{"line":199,"column":91}},"81":{"start":{"line":201,"column":2},"end":{"line":201,"column":41}},"82":{"start":{"line":204,"column":2},"end":{"line":204,"column":69}},"83":{"start":{"line":204,"column":26},"end":{"line":204,"column":69}},"84":{"start":{"line":207,"column":2},"end":{"line":207,"column":65}},"85":{"start":{"line":210,"column":0},"end":{"line":210,"column":31}}},"branchMap":{"1":{"line":52,"type":"if","locations":[{"start":{"line":52,"column":4},"end":{"line":52,"column":4}},{"start":{"line":52,"column":4},"end":{"line":52,"column":4}}]},"2":{"line":60,"type":"if","locations":[{"start":{"line":60,"column":8},"end":{"line":60,"column":8}},{"start":{"line":60,"column":8},"end":{"line":60,"column":8}}]},"3":{"line":70,"type":"if","locations":[{"start":{"line":70,"column":8},"end":{"line":70,"column":8}},{"start":{"line":70,"column":8},"end":{"line":70,"column":8}}]},"4":{"line":70,"type":"binary-expr","locations":[{"start":{"line":70,"column":12},"end":{"line":70,"column":20}},{"start":{"line":70,"column":24},"end":{"line":70,"column":32}}]},"5":{"line":72,"type":"if","locations":[{"start":{"line":72,"column":10},"end":{"line":72,"column":10}},{"start":{"line":72,"column":10},"end":{"line":72,"column":10}}]},"6":{"line":79,"type":"if","locations":[{"start":{"line":79,"column":10},"end":{"line":79,"column":10}},{"start":{"line":79,"column":10},"end":{"line":79,"column":10}}]},"7":{"line":91,"type":"if","locations":[{"start":{"line":91,"column":12},"end":{"line":91,"column":12}},{"start":{"line":91,"column":12},"end":{"line":91,"column":12}}]},"8":{"line":96,"type":"if","locations":[{"start":{"line":96,"column":12},"end":{"line":96,"column":12}},{"start":{"line":96,"column":12},"end":{"line":96,"column":12}}]},"9":{"line":99,"type":"if","locations":[{"start":{"line":99,"column":12},"end":{"line":99,"column":12}},{"start":{"line":99,"column":12},"end":{"line":99,"column":12}}]},"10":{"line":105,"type":"if","locations":[{"start":{"line":105,"column":15},"end":{"line":105,"column":15}},{"start":{"line":105,"column":15},"end":{"line":105,"column":15}}]},"11":{"line":105,"type":"binary-expr","locations":[{"start":{"line":105,"column":19},"end":{"line":105,"column":27}},{"start":{"line":105,"column":31},"end":{"line":105,"column":52}}]},"12":{"line":112,"type":"if","locations":[{"start":{"line":112,"column":6},"end":{"line":112,"column":6}},{"start":{"line":112,"column":6},"end":{"line":112,"column":6}}]},"13":{"line":125,"type":"if","locations":[{"start":{"line":125,"column":8},"end":{"line":125,"column":8}},{"start":{"line":125,"column":8},"end":{"line":125,"column":8}}]},"14":{"line":125,"type":"binary-expr","locations":[{"start":{"line":125,"column":12},"end":{"line":125,"column":20}},{"start":{"line":125,"column":24},"end":{"line":125,"column":45}}]},"15":{"line":138,"type":"if","locations":[{"start":{"line":138,"column":4},"end":{"line":138,"column":4}},{"start":{"line":138,"column":4},"end":{"line":138,"column":4}}]},"16":{"line":199,"type":"if","locations":[{"start":{"line":199,"column":2},"end":{"line":199,"column":2}},{"start":{"line":199,"column":2},"end":{"line":199,"column":2}}]},"17":{"line":204,"type":"if","locations":[{"start":{"line":204,"column":2},"end":{"line":204,"column":2}},{"start":{"line":204,"column":2},"end":{"line":204,"column":2}}]}}},"/Users/craig/Developer/Public/bindable.js/lib/utils/computed.js":{"path":"/Users/craig/Developer/Public/bindable.js/lib/utils/computed.js","s":{"1":1,"2":1,"3":0,"4":0,"5":0},"b":{},"f":{"1":0},"fnMap":{"1":{"name":"(anonymous_1)","line":3,"loc":{"start":{"line":3,"column":17},"end":{"line":3,"column":43}}}},"statementMap":{"1":{"start":{"line":1,"column":0},"end":{"line":1,"column":33}},"2":{"start":{"line":3,"column":0},"end":{"line":7,"column":2}},"3":{"start":{"line":4,"column":2},"end":{"line":4,"column":35}},"4":{"start":{"line":5,"column":2},"end":{"line":5,"column":26}},"5":{"start":{"line":6,"column":2},"end":{"line":6,"column":12}}},"branchMap":{}},"/Users/craig/Developer/Public/bindable.js/lib/utils/options.js":{"path":"/Users/craig/Developer/Public/bindable.js/lib/utils/options.js","s":{"1":1},"b":{"1":[0,1]},"f":{},"fnMap":{},"statementMap":{"1":{"start":{"line":1,"column":0},"end":{"line":4,"column":2}}},"branchMap":{"1":{"line":3,"type":"cond-expr","locations":[{"start":{"line":3,"column":50},"end":{"line":3,"column":51}},{"start":{"line":3,"column":54},"end":{"line":3,"column":56}}]}}}}