{"/Users/craig/Developer/Public/bindable.js/lib/index.js":{"path":"/Users/craig/Developer/Public/bindable.js/lib/index.js","s":{"1":1,"2":1,"3":0},"b":{"1":[0,1]},"f":{},"fnMap":{},"statementMap":{"1":{"start":{"line":2,"column":0},"end":{"line":7,"column":2}},"2":{"start":{"line":9,"column":0},"end":{"line":11,"column":1}},"3":{"start":{"line":10,"column":2},"end":{"line":10,"column":35}}},"branchMap":{"1":{"line":9,"type":"if","locations":[{"start":{"line":9,"column":0},"end":{"line":9,"column":0}},{"start":{"line":9,"column":0},"end":{"line":9,"column":0}}]}}},"/Users/craig/Developer/Public/bindable.js/lib/object/index.js":{"path":"/Users/craig/Developer/Public/bindable.js/lib/object/index.js","s":{"1":1,"2":1,"3":77,"4":48,"5":29,"6":77,"7":1,"8":1,"9":110,"10":55,"11":55,"12":1,"13":54,"14":1,"15":3,"16":71,"17":71,"18":42,"19":29,"20":29,"21":27,"22":27,"23":1,"24":26,"25":9,"26":28,"27":28,"28":2,"29":4,"30":48,"31":48,"32":26,"33":26,"34":23,"35":22,"36":22,"37":25,"38":25,"39":25,"40":25,"41":13,"42":25,"43":9,"44":9,"45":9,"46":9,"47":22,"48":13,"49":13,"50":13,"51":48,"52":3,"53":45,"54":45,"55":45,"56":45,"57":34,"58":1,"59":3,"60":3,"61":5,"62":5,"63":1,"64":5,"65":3,"66":1},"b":{"1":[48,29],"2":[55,55],"3":[1,54],"4":[55,7],"5":[42,29],"6":[71,54],"7":[12,17],"8":[1,26],"9":[9,17],"10":[26,9],"11":[28,0],"12":[26,22],"13":[48,38],"14":[23,3],"15":[12,10],"16":[13,12],"17":[25,12],"18":[9,16],"19":[13,9],"20":[22,13],"21":[3,45],"22":[22,23],"23":[1,4],"24":[5,5]},"f":{"1":77,"2":110,"3":1,"4":3,"5":71,"6":2,"7":48,"8":34,"9":1,"10":3},"fnMap":{"1":{"name":"Bindable","line":5,"loc":{"start":{"line":5,"column":0},"end":{"line":5,"column":28}}},"2":{"name":"(anonymous_2)","line":28,"loc":{"start":{"line":28,"column":11},"end":{"line":28,"column":27}}},"3":{"name":"(anonymous_3)","line":42,"loc":{"start":{"line":42,"column":8},"end":{"line":42,"column":20}}},"4":{"name":"(anonymous_4)","line":49,"loc":{"start":{"line":49,"column":7},"end":{"line":49,"column":22}}},"5":{"name":"(anonymous_5)","line":57,"loc":{"start":{"line":57,"column":7},"end":{"line":57,"column":27}}},"6":{"name":"(anonymous_6)","line":91,"loc":{"start":{"line":91,"column":17},"end":{"line":91,"column":39}}},"7":{"name":"(anonymous_7)","line":100,"loc":{"start":{"line":100,"column":7},"end":{"line":100,"column":34}}},"8":{"name":"(anonymous_8)","line":158,"loc":{"start":{"line":158,"column":8},"end":{"line":158,"column":37}}},"9":{"name":"(anonymous_9)","line":165,"loc":{"start":{"line":165,"column":11},"end":{"line":165,"column":23}}},"10":{"name":"(anonymous_10)","line":172,"loc":{"start":{"line":172,"column":10},"end":{"line":172,"column":22}}}},"statementMap":{"1":{"start":{"line":1,"column":0},"end":{"line":3,"column":49}},"2":{"start":{"line":5,"column":0},"end":{"line":14,"column":1}},"3":{"start":{"line":7,"column":2},"end":{"line":11,"column":3}},"4":{"start":{"line":8,"column":4},"end":{"line":8,"column":26}},"5":{"start":{"line":10,"column":4},"end":{"line":10,"column":24}},"6":{"start":{"line":13,"column":2},"end":{"line":13,"column":29}},"7":{"start":{"line":16,"column":0},"end":{"line":16,"column":40}},"8":{"start":{"line":18,"column":0},"end":{"line":186,"column":3}},"9":{"start":{"line":29,"column":4},"end":{"line":29,"column":49}},"10":{"start":{"line":29,"column":27},"end":{"line":29,"column":49}},"11":{"start":{"line":32,"column":4},"end":{"line":34,"column":5}},"12":{"start":{"line":33,"column":6},"end":{"line":33,"column":61}},"13":{"start":{"line":36,"column":4},"end":{"line":36,"column":26}},"14":{"start":{"line":43,"column":4},"end":{"line":43,"column":38}},"15":{"start":{"line":50,"column":4},"end":{"line":50,"column":33}},"16":{"start":{"line":59,"column":4},"end":{"line":59,"column":17}},"17":{"start":{"line":62,"column":4},"end":{"line":64,"column":5}},"18":{"start":{"line":63,"column":6},"end":{"line":63,"column":38}},"19":{"start":{"line":67,"column":4},"end":{"line":70,"column":20}},"20":{"start":{"line":73,"column":4},"end":{"line":83,"column":5}},"21":{"start":{"line":75,"column":6},"end":{"line":75,"column":47}},"22":{"start":{"line":77,"column":6},"end":{"line":77,"column":32}},"23":{"start":{"line":77,"column":25},"end":{"line":77,"column":32}},"24":{"start":{"line":80,"column":6},"end":{"line":82,"column":7}},"25":{"start":{"line":81,"column":8},"end":{"line":81,"column":46}},"26":{"start":{"line":85,"column":4},"end":{"line":85,"column":51}},"27":{"start":{"line":85,"column":21},"end":{"line":85,"column":51}},"28":{"start":{"line":92,"column":4},"end":{"line":94,"column":5}},"29":{"start":{"line":93,"column":6},"end":{"line":93,"column":47}},"30":{"start":{"line":102,"column":4},"end":{"line":102,"column":39}},"31":{"start":{"line":105,"column":4},"end":{"line":144,"column":5}},"32":{"start":{"line":106,"column":6},"end":{"line":106,"column":67}},"33":{"start":{"line":107,"column":6},"end":{"line":107,"column":55}},"34":{"start":{"line":107,"column":22},"end":{"line":107,"column":55}},"35":{"start":{"line":111,"column":6},"end":{"line":116,"column":15}},"36":{"start":{"line":118,"column":6},"end":{"line":137,"column":7}},"37":{"start":{"line":120,"column":8},"end":{"line":120,"column":35}},"38":{"start":{"line":121,"column":8},"end":{"line":121,"column":39}},"39":{"start":{"line":122,"column":8},"end":{"line":122,"column":56}},"40":{"start":{"line":124,"column":8},"end":{"line":126,"column":9}},"41":{"start":{"line":125,"column":10},"end":{"line":125,"column":61}},"42":{"start":{"line":129,"column":8},"end":{"line":136,"column":9}},"43":{"start":{"line":131,"column":10},"end":{"line":131,"column":40}},"44":{"start":{"line":133,"column":10},"end":{"line":133,"column":73}},"45":{"start":{"line":134,"column":10},"end":{"line":134,"column":44}},"46":{"start":{"line":135,"column":10},"end":{"line":135,"column":16}},"47":{"start":{"line":139,"column":6},"end":{"line":143,"column":7}},"48":{"start":{"line":140,"column":8},"end":{"line":140,"column":35}},"49":{"start":{"line":141,"column":8},"end":{"line":141,"column":49}},"50":{"start":{"line":142,"column":8},"end":{"line":142,"column":46}},"51":{"start":{"line":146,"column":4},"end":{"line":146,"column":28}},"52":{"start":{"line":146,"column":21},"end":{"line":146,"column":28}},"53":{"start":{"line":148,"column":4},"end":{"line":148,"column":50}},"54":{"start":{"line":150,"column":4},"end":{"line":150,"column":49}},"55":{"start":{"line":151,"column":4},"end":{"line":151,"column":47}},"56":{"start":{"line":152,"column":4},"end":{"line":152,"column":17}},"57":{"start":{"line":159,"column":4},"end":{"line":159,"column":50}},"58":{"start":{"line":166,"column":4},"end":{"line":166,"column":25}},"59":{"start":{"line":173,"column":4},"end":{"line":173,"column":24}},"60":{"start":{"line":175,"column":4},"end":{"line":183,"column":5}},"61":{"start":{"line":176,"column":6},"end":{"line":176,"column":34}},"62":{"start":{"line":178,"column":6},"end":{"line":180,"column":7}},"63":{"start":{"line":179,"column":8},"end":{"line":180,"column":6}},"64":{"start":{"line":182,"column":6},"end":{"line":182,"column":23}},"65":{"start":{"line":184,"column":4},"end":{"line":184,"column":15}},"66":{"start":{"line":188,"column":0},"end":{"line":188,"column":26}}},"branchMap":{"1":{"line":7,"type":"if","locations":[{"start":{"line":7,"column":2},"end":{"line":7,"column":2}},{"start":{"line":7,"column":2},"end":{"line":7,"column":2}}]},"2":{"line":29,"type":"if","locations":[{"start":{"line":29,"column":4},"end":{"line":29,"column":4}},{"start":{"line":29,"column":4},"end":{"line":29,"column":4}}]},"3":{"line":32,"type":"if","locations":[{"start":{"line":32,"column":4},"end":{"line":32,"column":4}},{"start":{"line":32,"column":4},"end":{"line":32,"column":4}}]},"4":{"line":32,"type":"binary-expr","locations":[{"start":{"line":32,"column":8},"end":{"line":32,"column":25}},{"start":{"line":32,"column":29},"end":{"line":32,"column":42}}]},"5":{"line":62,"type":"if","locations":[{"start":{"line":62,"column":4},"end":{"line":62,"column":4}},{"start":{"line":62,"column":4},"end":{"line":62,"column":4}}]},"6":{"line":62,"type":"binary-expr","locations":[{"start":{"line":62,"column":9},"end":{"line":62,"column":50}},{"start":{"line":62,"column":55},"end":{"line":62,"column":78}}]},"7":{"line":67,"type":"cond-expr","locations":[{"start":{"line":67,"column":30},"end":{"line":67,"column":49}},{"start":{"line":67,"column":52},"end":{"line":67,"column":60}}]},"8":{"line":77,"type":"if","locations":[{"start":{"line":77,"column":6},"end":{"line":77,"column":6}},{"start":{"line":77,"column":6},"end":{"line":77,"column":6}}]},"9":{"line":80,"type":"if","locations":[{"start":{"line":80,"column":6},"end":{"line":80,"column":6}},{"start":{"line":80,"column":6},"end":{"line":80,"column":6}}]},"10":{"line":80,"type":"binary-expr","locations":[{"start":{"line":80,"column":10},"end":{"line":80,"column":35}},{"start":{"line":80,"column":39},"end":{"line":80,"column":59}}]},"11":{"line":85,"type":"if","locations":[{"start":{"line":85,"column":4},"end":{"line":85,"column":4}},{"start":{"line":85,"column":4},"end":{"line":85,"column":4}}]},"12":{"line":105,"type":"if","locations":[{"start":{"line":105,"column":4},"end":{"line":105,"column":4}},{"start":{"line":105,"column":4},"end":{"line":105,"column":4}}]},"13":{"line":105,"type":"binary-expr","locations":[{"start":{"line":105,"column":9},"end":{"line":105,"column":50}},{"start":{"line":105,"column":55},"end":{"line":105,"column":78}}]},"14":{"line":107,"type":"if","locations":[{"start":{"line":107,"column":6},"end":{"line":107,"column":6}},{"start":{"line":107,"column":6},"end":{"line":107,"column":6}}]},"15":{"line":111,"type":"cond-expr","locations":[{"start":{"line":111,"column":33},"end":{"line":111,"column":52}},{"start":{"line":111,"column":55},"end":{"line":111,"column":63}}]},"16":{"line":124,"type":"if","locations":[{"start":{"line":124,"column":8},"end":{"line":124,"column":8}},{"start":{"line":124,"column":8},"end":{"line":124,"column":8}}]},"17":{"line":124,"type":"binary-expr","locations":[{"start":{"line":124,"column":12},"end":{"line":124,"column":25}},{"start":{"line":124,"column":30},"end":{"line":124,"column":62}}]},"18":{"line":129,"type":"if","locations":[{"start":{"line":129,"column":8},"end":{"line":129,"column":8}},{"start":{"line":129,"column":8},"end":{"line":129,"column":8}}]},"19":{"line":139,"type":"if","locations":[{"start":{"line":139,"column":6},"end":{"line":139,"column":6}},{"start":{"line":139,"column":6},"end":{"line":139,"column":6}}]},"20":{"line":139,"type":"binary-expr","locations":[{"start":{"line":139,"column":10},"end":{"line":139,"column":19}},{"start":{"line":139,"column":24},"end":{"line":139,"column":57}}]},"21":{"line":146,"type":"if","locations":[{"start":{"line":146,"column":4},"end":{"line":146,"column":4}},{"start":{"line":146,"column":4},"end":{"line":146,"column":4}}]},"22":{"line":148,"type":"cond-expr","locations":[{"start":{"line":148,"column":23},"end":{"line":148,"column":38}},{"start":{"line":148,"column":41},"end":{"line":148,"column":49}}]},"23":{"line":178,"type":"if","locations":[{"start":{"line":178,"column":6},"end":{"line":178,"column":6}},{"start":{"line":178,"column":6},"end":{"line":178,"column":6}}]},"24":{"line":178,"type":"binary-expr","locations":[{"start":{"line":178,"column":9},"end":{"line":178,"column":14}},{"start":{"line":178,"column":18},"end":{"line":178,"column":36}}]}}},"/Users/craig/Developer/Public/bindable.js/lib/core/eventEmitter.js":{"path":"/Users/craig/Developer/Public/bindable.js/lib/core/eventEmitter.js","s":{"1":1,"2":1,"3":87,"4":1,"5":1,"6":132,"7":1,"8":131,"9":131,"10":106,"11":25,"12":4,"13":21,"14":131,"15":131,"16":79,"17":1,"18":79,"19":79,"20":1,"21":78,"22":53,"23":25,"24":25,"25":23,"26":1,"27":1,"28":14,"29":14,"30":15,"31":15,"32":15,"33":1,"34":111,"35":74,"36":37,"37":37,"38":32,"39":5,"40":27,"41":1,"42":1,"43":18,"44":18,"45":2,"46":2,"47":6,"48":6,"49":6,"50":39,"51":6,"52":5,"53":5,"54":5,"55":4,"56":5,"57":8,"58":8,"59":1,"60":2,"61":1,"62":1,"63":1},"b":{"1":[1,131],"2":[106,25],"3":[4,21],"4":[1,78],"5":[53,25],"6":[23,2],"7":[74,37],"8":[32,5],"9":[5,27],"10":[1,18,2,6],"11":[8,0],"12":[1,1]},"f":{"1":87,"2":1,"3":132,"4":79,"5":79,"6":15,"7":14,"8":111,"9":2},"fnMap":{"1":{"name":"EventEmitter","line":4,"loc":{"start":{"line":4,"column":0},"end":{"line":4,"column":25}}},"2":{"name":"(anonymous_2)","line":8,"loc":{"start":{"line":8,"column":41},"end":{"line":8,"column":53}}},"3":{"name":"(anonymous_3)","line":12,"loc":{"start":{"line":12,"column":28},"end":{"line":12,"column":55}}},"4":{"name":"(anonymous_4)","line":30,"loc":{"start":{"line":30,"column":13},"end":{"line":30,"column":24}}},"5":{"name":"(anonymous_5)","line":36,"loc":{"start":{"line":36,"column":29},"end":{"line":36,"column":56}}},"6":{"name":"(anonymous_6)","line":53,"loc":{"start":{"line":53,"column":30},"end":{"line":53,"column":57}}},"7":{"name":"listener2","line":55,"loc":{"start":{"line":55,"column":2},"end":{"line":55,"column":24}}},"8":{"name":"(anonymous_8)","line":65,"loc":{"start":{"line":65,"column":30},"end":{"line":65,"column":47}}},"9":{"name":"(anonymous_9)","line":108,"loc":{"start":{"line":108,"column":44},"end":{"line":108,"column":61}}}},"statementMap":{"1":{"start":{"line":1,"column":0},"end":{"line":2,"column":39}},"2":{"start":{"line":4,"column":0},"end":{"line":6,"column":1}},"3":{"start":{"line":5,"column":2},"end":{"line":5,"column":20}},"4":{"start":{"line":8,"column":0},"end":{"line":12,"column":0}},"5":{"start":{"line":12,"column":0},"end":{"line":36,"column":0}},"6":{"start":{"line":14,"column":2},"end":{"line":16,"column":3}},"7":{"start":{"line":15,"column":4},"end":{"line":15,"column":73}},"8":{"start":{"line":18,"column":2},"end":{"line":18,"column":16}},"9":{"start":{"line":19,"column":2},"end":{"line":25,"column":3}},"10":{"start":{"line":20,"column":4},"end":{"line":20,"column":35}},"11":{"start":{"line":21,"column":9},"end":{"line":25,"column":3}},"12":{"start":{"line":22,"column":4},"end":{"line":22,"column":48}},"13":{"start":{"line":24,"column":4},"end":{"line":24,"column":29}},"14":{"start":{"line":27,"column":2},"end":{"line":27,"column":18}},"15":{"start":{"line":29,"column":2},"end":{"line":34,"column":0}},"16":{"start":{"line":31,"column":6},"end":{"line":31,"column":32}},"17":{"start":{"line":36,"column":0},"end":{"line":53,"column":0}},"18":{"start":{"line":38,"column":2},"end":{"line":38,"column":16}},"19":{"start":{"line":40,"column":2},"end":{"line":42,"column":3}},"20":{"start":{"line":41,"column":4},"end":{"line":41,"column":11}},"21":{"start":{"line":44,"column":2},"end":{"line":49,"column":3}},"22":{"start":{"line":45,"column":4},"end":{"line":45,"column":31}},"23":{"start":{"line":47,"column":4},"end":{"line":47,"column":40}},"24":{"start":{"line":48,"column":4},"end":{"line":48,"column":35}},"25":{"start":{"line":48,"column":12},"end":{"line":48,"column":35}},"26":{"start":{"line":53,"column":0},"end":{"line":65,"column":0}},"27":{"start":{"line":55,"column":2},"end":{"line":58,"column":3}},"28":{"start":{"line":56,"column":4},"end":{"line":56,"column":19}},"29":{"start":{"line":57,"column":4},"end":{"line":57,"column":36}},"30":{"start":{"line":60,"column":2},"end":{"line":60,"column":39}},"31":{"start":{"line":61,"column":2},"end":{"line":61,"column":21}},"32":{"start":{"line":62,"column":2},"end":{"line":62,"column":14}},"33":{"start":{"line":65,"column":0},"end":{"line":108,"column":0}},"34":{"start":{"line":69,"column":2},"end":{"line":69,"column":35}},"35":{"start":{"line":69,"column":28},"end":{"line":69,"column":35}},"36":{"start":{"line":72,"column":2},"end":{"line":72,"column":38}},"37":{"start":{"line":76,"column":2},"end":{"line":104,"column":3}},"38":{"start":{"line":77,"column":4},"end":{"line":96,"column":3}},"39":{"start":{"line":78,"column":6},"end":{"line":78,"column":18}},"40":{"start":{"line":80,"column":4},"end":{"line":95,"column":5}},"41":{"start":{"line":82,"column":8},"end":{"line":82,"column":32}},"42":{"start":{"line":83,"column":8},"end":{"line":83,"column":14}},"43":{"start":{"line":85,"column":8},"end":{"line":85,"column":46}},"44":{"start":{"line":86,"column":8},"end":{"line":86,"column":14}},"45":{"start":{"line":88,"column":8},"end":{"line":88,"column":60}},"46":{"start":{"line":89,"column":8},"end":{"line":89,"column":14}},"47":{"start":{"line":91,"column":8},"end":{"line":91,"column":33}},"48":{"start":{"line":92,"column":8},"end":{"line":92,"column":36}},"49":{"start":{"line":93,"column":8},"end":{"line":93,"column":60}},"50":{"start":{"line":93,"column":35},"end":{"line":93,"column":60}},"51":{"start":{"line":94,"column":8},"end":{"line":94,"column":36}},"52":{"start":{"line":98,"column":4},"end":{"line":98,"column":29}},"53":{"start":{"line":99,"column":4},"end":{"line":99,"column":32}},"54":{"start":{"line":100,"column":4},"end":{"line":100,"column":56}},"55":{"start":{"line":100,"column":31},"end":{"line":100,"column":56}},"56":{"start":{"line":101,"column":4},"end":{"line":103,"column":5}},"57":{"start":{"line":102,"column":6},"end":{"line":102,"column":54}},"58":{"start":{"line":102,"column":23},"end":{"line":102,"column":54}},"59":{"start":{"line":108,"column":0},"end":{"line":118,"column":0}},"60":{"start":{"line":109,"column":2},"end":{"line":113,"column":3}},"61":{"start":{"line":110,"column":4},"end":{"line":110,"column":31}},"62":{"start":{"line":112,"column":4},"end":{"line":112,"column":22}},"63":{"start":{"line":118,"column":0},"end":{"line":118,"column":30}}},"branchMap":{"1":{"line":14,"type":"if","locations":[{"start":{"line":14,"column":2},"end":{"line":14,"column":2}},{"start":{"line":14,"column":2},"end":{"line":14,"column":2}}]},"2":{"line":19,"type":"if","locations":[{"start":{"line":19,"column":2},"end":{"line":19,"column":2}},{"start":{"line":19,"column":2},"end":{"line":19,"column":2}}]},"3":{"line":21,"type":"if","locations":[{"start":{"line":21,"column":9},"end":{"line":21,"column":9}},{"start":{"line":21,"column":9},"end":{"line":21,"column":9}}]},"4":{"line":40,"type":"if","locations":[{"start":{"line":40,"column":2},"end":{"line":40,"column":2}},{"start":{"line":40,"column":2},"end":{"line":40,"column":2}}]},"5":{"line":44,"type":"if","locations":[{"start":{"line":44,"column":2},"end":{"line":44,"column":2}},{"start":{"line":44,"column":2},"end":{"line":44,"column":2}}]},"6":{"line":48,"type":"if","locations":[{"start":{"line":48,"column":4},"end":{"line":48,"column":4}},{"start":{"line":48,"column":4},"end":{"line":48,"column":4}}]},"7":{"line":69,"type":"if","locations":[{"start":{"line":69,"column":2},"end":{"line":69,"column":2}},{"start":{"line":69,"column":2},"end":{"line":69,"column":2}}]},"8":{"line":76,"type":"if","locations":[{"start":{"line":76,"column":2},"end":{"line":76,"column":2}},{"start":{"line":76,"column":2},"end":{"line":76,"column":2}}]},"9":{"line":77,"type":"if","locations":[{"start":{"line":77,"column":4},"end":{"line":77,"column":4}},{"start":{"line":77,"column":4},"end":{"line":77,"column":4}}]},"10":{"line":80,"type":"switch","locations":[{"start":{"line":81,"column":6},"end":{"line":83,"column":14}},{"start":{"line":84,"column":6},"end":{"line":86,"column":14}},{"start":{"line":87,"column":6},"end":{"line":89,"column":14}},{"start":{"line":90,"column":6},"end":{"line":94,"column":36}}]},"11":{"line":102,"type":"if","locations":[{"start":{"line":102,"column":6},"end":{"line":102,"column":6}},{"start":{"line":102,"column":6},"end":{"line":102,"column":6}}]},"12":{"line":109,"type":"if","locations":[{"start":{"line":109,"column":2},"end":{"line":109,"column":2}},{"start":{"line":109,"column":2},"end":{"line":109,"column":2}}]}}},"/Users/craig/Developer/Public/bindable.js/lib/object/watchProperty.js":{"path":"/Users/craig/Developer/Public/bindable.js/lib/object/watchProperty.js","s":{"1":1,"2":1,"3":22,"4":22,"5":19,"6":1,"7":1,"8":9,"9":1,"10":11,"11":11,"12":11,"13":11,"14":11,"15":1,"16":54,"17":54,"18":11,"19":17,"20":17,"21":17,"22":6,"23":6,"24":17,"25":17,"26":17,"27":6,"28":4,"29":6,"30":6,"31":0,"32":0,"33":6,"34":6,"35":11,"36":4,"37":4,"38":7,"39":0,"40":7,"41":7,"42":7,"43":6,"44":11,"45":0,"46":0,"47":11,"48":11,"49":5,"50":43,"51":73,"52":73,"53":73,"54":71,"55":73,"56":27,"57":27,"58":73,"59":43,"60":1,"61":12,"62":0,"63":12,"64":58,"65":12,"66":9,"67":9,"68":18,"69":1,"70":3,"71":3,"72":3,"73":3,"74":1,"75":6,"76":6,"77":6,"78":6,"79":3,"80":2,"81":4,"82":0,"83":0,"84":1,"85":34,"86":12,"87":34,"88":3,"89":31,"90":31,"91":22,"92":9,"93":1},"b":{"1":[11,43],"2":[6,11],"3":[17,0],"4":[6,11],"5":[17,6],"6":[4,2],"7":[0,6],"8":[4,7],"9":[0,7],"10":[7,0],"11":[0,11],"12":[11,11],"13":[5,6],"14":[71,2],"15":[27,46],"16":[73,69],"17":[0,12],"18":[12,22],"19":[3,31],"20":[22,9]},"f":{"1":22,"2":19,"3":1,"4":9,"5":11,"6":54,"7":11,"8":12,"9":18,"10":3,"11":3,"12":6,"13":6,"14":2,"15":0,"16":34},"fnMap":{"1":{"name":"watchSimple","line":8,"loc":{"start":{"line":8,"column":0},"end":{"line":8,"column":46}}},"2":{"name":"(anonymous_2)","line":12,"loc":{"start":{"line":12,"column":9},"end":{"line":12,"column":21}}},"3":{"name":"(anonymous_3)","line":15,"loc":{"start":{"line":15,"column":13},"end":{"line":15,"column":25}}},"4":{"name":"watchChain","line":26,"loc":{"start":{"line":26,"column":0},"end":{"line":26,"column":55}}},"5":{"name":"onChange","line":30,"loc":{"start":{"line":30,"column":2},"end":{"line":30,"column":23}}},"6":{"name":"bind","line":38,"loc":{"start":{"line":38,"column":2},"end":{"line":38,"column":32}}},"7":{"name":"(anonymous_7)","line":88,"loc":{"start":{"line":88,"column":27},"end":{"line":88,"column":43}}},"8":{"name":"dispose","line":140,"loc":{"start":{"line":140,"column":2},"end":{"line":140,"column":22}}},"9":{"name":"(anonymous_9)","line":151,"loc":{"start":{"line":151,"column":9},"end":{"line":151,"column":21}}},"10":{"name":"watchMultiple","line":161,"loc":{"start":{"line":161,"column":0},"end":{"line":161,"column":46}}},"11":{"name":"(anonymous_11)","line":167,"loc":{"start":{"line":167,"column":23},"end":{"line":167,"column":35}}},"12":{"name":"(anonymous_12)","line":171,"loc":{"start":{"line":171,"column":17},"end":{"line":171,"column":37}}},"13":{"name":"onChange","line":173,"loc":{"start":{"line":173,"column":4},"end":{"line":173,"column":40}}},"14":{"name":"(anonymous_14)","line":184,"loc":{"start":{"line":184,"column":9},"end":{"line":184,"column":21}}},"15":{"name":"(anonymous_15)","line":189,"loc":{"start":{"line":189,"column":13},"end":{"line":189,"column":25}}},"16":{"name":"watchProperty","line":200,"loc":{"start":{"line":200,"column":0},"end":{"line":200,"column":48}}}},"statementMap":{"1":{"start":{"line":1,"column":0},"end":{"line":2,"column":35}},"2":{"start":{"line":8,"column":0},"end":{"line":19,"column":1}},"3":{"start":{"line":9,"column":2},"end":{"line":9,"column":55}},"4":{"start":{"line":11,"column":2},"end":{"line":19,"column":0}},"5":{"start":{"line":13,"column":6},"end":{"line":13,"column":33}},"6":{"start":{"line":16,"column":6},"end":{"line":16,"column":25}},"7":{"start":{"line":26,"column":0},"end":{"line":156,"column":1}},"8":{"start":{"line":28,"column":2},"end":{"line":28,"column":35}},"9":{"start":{"line":30,"column":2},"end":{"line":36,"column":3}},"10":{"start":{"line":31,"column":4},"end":{"line":31,"column":14}},"11":{"start":{"line":32,"column":4},"end":{"line":32,"column":19}},"12":{"start":{"line":33,"column":4},"end":{"line":33,"column":23}},"13":{"start":{"line":34,"column":4},"end":{"line":34,"column":26}},"14":{"start":{"line":35,"column":4},"end":{"line":35,"column":15}},"15":{"start":{"line":38,"column":2},"end":{"line":138,"column":3}},"16":{"start":{"line":40,"column":4},"end":{"line":40,"column":106}},"17":{"start":{"line":52,"column":4},"end":{"line":135,"column":5}},"18":{"start":{"line":54,"column":6},"end":{"line":111,"column":7}},"19":{"start":{"line":56,"column":8},"end":{"line":56,"column":36}},"20":{"start":{"line":57,"column":8},"end":{"line":57,"column":35}},"21":{"start":{"line":60,"column":8},"end":{"line":64,"column":9}},"22":{"start":{"line":61,"column":10},"end":{"line":61,"column":29}},"23":{"start":{"line":63,"column":10},"end":{"line":63,"column":72}},"24":{"start":{"line":66,"column":8},"end":{"line":66,"column":41}},"25":{"start":{"line":66,"column":16},"end":{"line":66,"column":41}},"26":{"start":{"line":69,"column":8},"end":{"line":108,"column":9}},"27":{"start":{"line":71,"column":10},"end":{"line":71,"column":35}},"28":{"start":{"line":71,"column":23},"end":{"line":71,"column":35}},"29":{"start":{"line":74,"column":10},"end":{"line":74,"column":83}},"30":{"start":{"line":78,"column":10},"end":{"line":82,"column":11}},"31":{"start":{"line":79,"column":12},"end":{"line":81,"column":13}},"32":{"start":{"line":80,"column":14},"end":{"line":80,"column":42}},"33":{"start":{"line":85,"column":10},"end":{"line":85,"column":45}},"34":{"start":{"line":88,"column":10},"end":{"line":103,"column":13}},"35":{"start":{"line":90,"column":12},"end":{"line":93,"column":13}},"36":{"start":{"line":91,"column":14},"end":{"line":91,"column":32}},"37":{"start":{"line":92,"column":14},"end":{"line":92,"column":21}},"38":{"start":{"line":95,"column":12},"end":{"line":95,"column":30}},"39":{"start":{"line":95,"column":23},"end":{"line":95,"column":30}},"40":{"start":{"line":98,"column":12},"end":{"line":100,"column":13}},"41":{"start":{"line":99,"column":14},"end":{"line":99,"column":61}},"42":{"start":{"line":102,"column":12},"end":{"line":102,"column":34}},"43":{"start":{"line":104,"column":10},"end":{"line":104,"column":16}},"44":{"start":{"line":105,"column":15},"end":{"line":108,"column":9}},"45":{"start":{"line":106,"column":10},"end":{"line":106,"column":39}},"46":{"start":{"line":107,"column":10},"end":{"line":107,"column":28}},"47":{"start":{"line":110,"column":8},"end":{"line":110,"column":80}},"48":{"start":{"line":113,"column":6},"end":{"line":115,"column":7}},"49":{"start":{"line":114,"column":8},"end":{"line":114,"column":24}},"50":{"start":{"line":119,"column":6},"end":{"line":133,"column":7}},"51":{"start":{"line":120,"column":8},"end":{"line":120,"column":35}},"52":{"start":{"line":121,"column":8},"end":{"line":121,"column":43}},"53":{"start":{"line":123,"column":8},"end":{"line":123,"column":41}},"54":{"start":{"line":123,"column":16},"end":{"line":123,"column":41}},"55":{"start":{"line":127,"column":8},"end":{"line":130,"column":9}},"56":{"start":{"line":128,"column":10},"end":{"line":128,"column":39}},"57":{"start":{"line":129,"column":10},"end":{"line":129,"column":28}},"58":{"start":{"line":132,"column":8},"end":{"line":132,"column":80}},"59":{"start":{"line":134,"column":6},"end":{"line":134,"column":18}},"60":{"start":{"line":140,"column":2},"end":{"line":146,"column":3}},"61":{"start":{"line":141,"column":4},"end":{"line":141,"column":27}},"62":{"start":{"line":141,"column":20},"end":{"line":141,"column":27}},"63":{"start":{"line":142,"column":4},"end":{"line":144,"column":5}},"64":{"start":{"line":143,"column":6},"end":{"line":143,"column":29}},"65":{"start":{"line":145,"column":4},"end":{"line":145,"column":26}},"66":{"start":{"line":148,"column":2},"end":{"line":148,"column":24}},"67":{"start":{"line":150,"column":2},"end":{"line":156,"column":0}},"68":{"start":{"line":152,"column":6},"end":{"line":152,"column":17}},"69":{"start":{"line":161,"column":0},"end":{"line":195,"column":1}},"70":{"start":{"line":163,"column":2},"end":{"line":165,"column":40}},"71":{"start":{"line":167,"column":2},"end":{"line":169,"column":8}},"72":{"start":{"line":168,"column":4},"end":{"line":168,"column":27}},"73":{"start":{"line":171,"column":2},"end":{"line":180,"column":5}},"74":{"start":{"line":173,"column":4},"end":{"line":177,"column":5}},"75":{"start":{"line":174,"column":6},"end":{"line":174,"column":27}},"76":{"start":{"line":175,"column":6},"end":{"line":175,"column":30}},"77":{"start":{"line":176,"column":6},"end":{"line":176,"column":12}},"78":{"start":{"line":179,"column":4},"end":{"line":179,"column":49}},"79":{"start":{"line":182,"column":2},"end":{"line":195,"column":0}},"80":{"start":{"line":185,"column":6},"end":{"line":187,"column":7}},"81":{"start":{"line":186,"column":8},"end":{"line":186,"column":26}},"82":{"start":{"line":190,"column":6},"end":{"line":192,"column":7}},"83":{"start":{"line":191,"column":8},"end":{"line":191,"column":30}},"84":{"start":{"line":200,"column":0},"end":{"line":216,"column":1}},"85":{"start":{"line":202,"column":2},"end":{"line":204,"column":3}},"86":{"start":{"line":203,"column":4},"end":{"line":203,"column":43}},"87":{"start":{"line":207,"column":2},"end":{"line":207,"column":91}},"88":{"start":{"line":207,"column":30},"end":{"line":207,"column":91}},"89":{"start":{"line":209,"column":2},"end":{"line":209,"column":41}},"90":{"start":{"line":212,"column":2},"end":{"line":212,"column":69}},"91":{"start":{"line":212,"column":26},"end":{"line":212,"column":69}},"92":{"start":{"line":215,"column":2},"end":{"line":215,"column":65}},"93":{"start":{"line":218,"column":0},"end":{"line":218,"column":31}}},"branchMap":{"1":{"line":52,"type":"if","locations":[{"start":{"line":52,"column":4},"end":{"line":52,"column":4}},{"start":{"line":52,"column":4},"end":{"line":52,"column":4}}]},"2":{"line":60,"type":"if","locations":[{"start":{"line":60,"column":8},"end":{"line":60,"column":8}},{"start":{"line":60,"column":8},"end":{"line":60,"column":8}}]},"3":{"line":66,"type":"if","locations":[{"start":{"line":66,"column":8},"end":{"line":66,"column":8}},{"start":{"line":66,"column":8},"end":{"line":66,"column":8}}]},"4":{"line":69,"type":"if","locations":[{"start":{"line":69,"column":8},"end":{"line":69,"column":8}},{"start":{"line":69,"column":8},"end":{"line":69,"column":8}}]},"5":{"line":69,"type":"binary-expr","locations":[{"start":{"line":69,"column":12},"end":{"line":69,"column":20}},{"start":{"line":69,"column":24},"end":{"line":69,"column":26}}]},"6":{"line":71,"type":"if","locations":[{"start":{"line":71,"column":10},"end":{"line":71,"column":10}},{"start":{"line":71,"column":10},"end":{"line":71,"column":10}}]},"7":{"line":78,"type":"if","locations":[{"start":{"line":78,"column":10},"end":{"line":78,"column":10}},{"start":{"line":78,"column":10},"end":{"line":78,"column":10}}]},"8":{"line":90,"type":"if","locations":[{"start":{"line":90,"column":12},"end":{"line":90,"column":12}},{"start":{"line":90,"column":12},"end":{"line":90,"column":12}}]},"9":{"line":95,"type":"if","locations":[{"start":{"line":95,"column":12},"end":{"line":95,"column":12}},{"start":{"line":95,"column":12},"end":{"line":95,"column":12}}]},"10":{"line":98,"type":"if","locations":[{"start":{"line":98,"column":12},"end":{"line":98,"column":12}},{"start":{"line":98,"column":12},"end":{"line":98,"column":12}}]},"11":{"line":105,"type":"if","locations":[{"start":{"line":105,"column":15},"end":{"line":105,"column":15}},{"start":{"line":105,"column":15},"end":{"line":105,"column":15}}]},"12":{"line":105,"type":"binary-expr","locations":[{"start":{"line":105,"column":19},"end":{"line":105,"column":21}},{"start":{"line":105,"column":25},"end":{"line":105,"column":40}}]},"13":{"line":113,"type":"if","locations":[{"start":{"line":113,"column":6},"end":{"line":113,"column":6}},{"start":{"line":113,"column":6},"end":{"line":113,"column":6}}]},"14":{"line":123,"type":"if","locations":[{"start":{"line":123,"column":8},"end":{"line":123,"column":8}},{"start":{"line":123,"column":8},"end":{"line":123,"column":8}}]},"15":{"line":127,"type":"if","locations":[{"start":{"line":127,"column":8},"end":{"line":127,"column":8}},{"start":{"line":127,"column":8},"end":{"line":127,"column":8}}]},"16":{"line":127,"type":"binary-expr","locations":[{"start":{"line":127,"column":12},"end":{"line":127,"column":14}},{"start":{"line":127,"column":18},"end":{"line":127,"column":33}}]},"17":{"line":141,"type":"if","locations":[{"start":{"line":141,"column":4},"end":{"line":141,"column":4}},{"start":{"line":141,"column":4},"end":{"line":141,"column":4}}]},"18":{"line":202,"type":"if","locations":[{"start":{"line":202,"column":2},"end":{"line":202,"column":2}},{"start":{"line":202,"column":2},"end":{"line":202,"column":2}}]},"19":{"line":207,"type":"if","locations":[{"start":{"line":207,"column":2},"end":{"line":207,"column":2}},{"start":{"line":207,"column":2},"end":{"line":207,"column":2}}]},"20":{"line":212,"type":"if","locations":[{"start":{"line":212,"column":2},"end":{"line":212,"column":2}},{"start":{"line":212,"column":2},"end":{"line":212,"column":2}}]}}},"/Users/craig/Developer/Public/bindable.js/lib/object/transform.js":{"path":"/Users/craig/Developer/Public/bindable.js/lib/object/transform.js","s":{"1":1,"2":1,"3":8,"4":10,"5":1,"6":13,"7":13,"8":14,"9":13,"10":13,"11":13,"12":12,"13":13,"14":0,"15":13,"16":14,"17":14,"18":1,"19":1,"20":1,"21":1,"22":13,"23":8,"24":8,"25":5,"26":0,"27":13,"28":1,"29":1,"30":13,"31":17,"32":17,"33":2,"34":15,"35":15,"36":1,"37":14,"38":15,"39":1},"b":{"1":[13,12],"2":[13,10],"3":[13,12],"4":[13,0],"5":[12,1],"6":[0,13],"7":[1,13],"8":[8,5],"9":[0,5],"10":[1,12],"11":[4,13],"12":[2,15],"13":[1,14]},"f":{"1":8,"2":10,"3":13,"4":13,"5":14,"6":17},"fnMap":{"1":{"name":"getToPropertyFn","line":20,"loc":{"start":{"line":20,"column":0},"end":{"line":20,"column":44}}},"2":{"name":"(anonymous_2)","line":21,"loc":{"start":{"line":21,"column":9},"end":{"line":21,"column":26}}},"3":{"name":"transform","line":26,"loc":{"start":{"line":26,"column":0},"end":{"line":26,"column":53}}},"4":{"name":"(anonymous_4)","line":28,"loc":{"start":{"line":28,"column":44},"end":{"line":28,"column":55}}},"5":{"name":"(anonymous_5)","line":29,"loc":{"start":{"line":29,"column":44},"end":{"line":29,"column":56}}},"6":{"name":"(anonymous_6)","line":91,"loc":{"start":{"line":91,"column":9},"end":{"line":91,"column":21}}}},"statementMap":{"1":{"start":{"line":1,"column":0},"end":{"line":2,"column":36}},"2":{"start":{"line":20,"column":0},"end":{"line":24,"column":1}},"3":{"start":{"line":21,"column":2},"end":{"line":23,"column":4}},"4":{"start":{"line":22,"column":4},"end":{"line":22,"column":32}},"5":{"start":{"line":26,"column":0},"end":{"line":109,"column":1}},"6":{"start":{"line":28,"column":2},"end":{"line":34,"column":37}},"7":{"start":{"line":28,"column":57},"end":{"line":28,"column":69}},"8":{"start":{"line":29,"column":58},"end":{"line":29,"column":106}},"9":{"start":{"line":36,"column":2},"end":{"line":38,"column":3}},"10":{"start":{"line":37,"column":4},"end":{"line":37,"column":26}},"11":{"start":{"line":40,"column":2},"end":{"line":42,"column":3}},"12":{"start":{"line":41,"column":4},"end":{"line":42,"column":2}},"13":{"start":{"line":44,"column":2},"end":{"line":46,"column":3}},"14":{"start":{"line":45,"column":4},"end":{"line":45,"column":43}},"15":{"start":{"line":48,"column":2},"end":{"line":79,"column":3}},"16":{"start":{"line":49,"column":4},"end":{"line":50,"column":23}},"17":{"start":{"line":58,"column":4},"end":{"line":78,"column":5}},"18":{"start":{"line":62,"column":6},"end":{"line":67,"column":7}},"19":{"start":{"line":65,"column":8},"end":{"line":65,"column":35}},"20":{"start":{"line":66,"column":8},"end":{"line":66,"column":64}},"21":{"start":{"line":70,"column":6},"end":{"line":70,"column":23}},"22":{"start":{"line":73,"column":11},"end":{"line":78,"column":5}},"23":{"start":{"line":74,"column":6},"end":{"line":74,"column":28}},"24":{"start":{"line":75,"column":6},"end":{"line":75,"column":43}},"25":{"start":{"line":76,"column":11},"end":{"line":78,"column":5}},"26":{"start":{"line":77,"column":6},"end":{"line":77,"column":49}},"27":{"start":{"line":83,"column":2},"end":{"line":87,"column":3}},"28":{"start":{"line":84,"column":4},"end":{"line":86,"column":5}},"29":{"start":{"line":85,"column":6},"end":{"line":85,"column":57}},"30":{"start":{"line":91,"column":2},"end":{"line":108,"column":4}},"31":{"start":{"line":93,"column":4},"end":{"line":94,"column":89}},"32":{"start":{"line":96,"column":4},"end":{"line":98,"column":5}},"33":{"start":{"line":97,"column":6},"end":{"line":97,"column":13}},"34":{"start":{"line":100,"column":4},"end":{"line":100,"column":31}},"35":{"start":{"line":103,"column":4},"end":{"line":103,"column":47}},"36":{"start":{"line":103,"column":40},"end":{"line":103,"column":47}},"37":{"start":{"line":105,"column":4},"end":{"line":107,"column":5}},"38":{"start":{"line":106,"column":6},"end":{"line":106,"column":33}},"39":{"start":{"line":111,"column":0},"end":{"line":111,"column":27}}},"branchMap":{"1":{"line":28,"type":"binary-expr","locations":[{"start":{"line":28,"column":20},"end":{"line":28,"column":32}},{"start":{"line":28,"column":44},"end":{"line":28,"column":71}}]},"2":{"line":29,"type":"binary-expr","locations":[{"start":{"line":29,"column":20},"end":{"line":29,"column":31}},{"start":{"line":29,"column":44},"end":{"line":29,"column":108}}]},"3":{"line":30,"type":"binary-expr","locations":[{"start":{"line":30,"column":20},"end":{"line":30,"column":34}},{"start":{"line":30,"column":44},"end":{"line":30,"column":52}}]},"4":{"line":36,"type":"if","locations":[{"start":{"line":36,"column":2},"end":{"line":36,"column":2}},{"start":{"line":36,"column":2},"end":{"line":36,"column":2}}]},"5":{"line":40,"type":"if","locations":[{"start":{"line":40,"column":2},"end":{"line":40,"column":2}},{"start":{"line":40,"column":2},"end":{"line":40,"column":2}}]},"6":{"line":44,"type":"if","locations":[{"start":{"line":44,"column":2},"end":{"line":44,"column":2}},{"start":{"line":44,"column":2},"end":{"line":44,"column":2}}]},"7":{"line":58,"type":"if","locations":[{"start":{"line":58,"column":4},"end":{"line":58,"column":4}},{"start":{"line":58,"column":4},"end":{"line":58,"column":4}}]},"8":{"line":73,"type":"if","locations":[{"start":{"line":73,"column":11},"end":{"line":73,"column":11}},{"start":{"line":73,"column":11},"end":{"line":73,"column":11}}]},"9":{"line":76,"type":"if","locations":[{"start":{"line":76,"column":11},"end":{"line":76,"column":11}},{"start":{"line":76,"column":11},"end":{"line":76,"column":11}}]},"10":{"line":83,"type":"if","locations":[{"start":{"line":83,"column":2},"end":{"line":83,"column":2}},{"start":{"line":83,"column":2},"end":{"line":83,"column":2}}]},"11":{"line":94,"type":"cond-expr","locations":[{"start":{"line":94,"column":45},"end":{"line":94,"column":79}},{"start":{"line":94,"column":82},"end":{"line":94,"column":88}}]},"12":{"line":96,"type":"if","locations":[{"start":{"line":96,"column":4},"end":{"line":96,"column":4}},{"start":{"line":96,"column":4},"end":{"line":96,"column":4}}]},"13":{"line":103,"type":"if","locations":[{"start":{"line":103,"column":4},"end":{"line":103,"column":4}},{"start":{"line":103,"column":4},"end":{"line":103,"column":4}}]}}},"/Users/craig/Developer/Public/bindable.js/lib/utils/computed.js":{"path":"/Users/craig/Developer/Public/bindable.js/lib/utils/computed.js","s":{"1":1,"2":1,"3":0,"4":0,"5":0},"b":{},"f":{"1":0},"fnMap":{"1":{"name":"(anonymous_1)","line":3,"loc":{"start":{"line":3,"column":17},"end":{"line":3,"column":43}}}},"statementMap":{"1":{"start":{"line":1,"column":0},"end":{"line":1,"column":33}},"2":{"start":{"line":3,"column":0},"end":{"line":7,"column":2}},"3":{"start":{"line":4,"column":2},"end":{"line":4,"column":35}},"4":{"start":{"line":5,"column":2},"end":{"line":5,"column":26}},"5":{"start":{"line":6,"column":2},"end":{"line":6,"column":12}}},"branchMap":{}},"/Users/craig/Developer/Public/bindable.js/lib/utils/options.js":{"path":"/Users/craig/Developer/Public/bindable.js/lib/utils/options.js","s":{"1":1},"b":{"1":[0,1]},"f":{},"fnMap":{},"statementMap":{"1":{"start":{"line":1,"column":0},"end":{"line":4,"column":2}}},"branchMap":{"1":{"line":3,"type":"cond-expr","locations":[{"start":{"line":3,"column":50},"end":{"line":3,"column":51}},{"start":{"line":3,"column":54},"end":{"line":3,"column":56}}]}}}}