TN:
SF:/Users/craig/Developer/Public/bindable.js/lib/index.js
FNF:0
FNH:0
DA:2,1
DA:9,1
DA:10,0
LF:3
LH:2
BRDA:9,1,0,0
BRDA:9,1,1,1
BRF:2
BRH:1
end_of_record
TN:
SF:/Users/craig/Developer/Public/bindable.js/lib/object/index.js
FN:5,Bindable
FN:28,(anonymous_2)
FN:42,(anonymous_3)
FN:49,(anonymous_4)
FN:57,(anonymous_5)
FN:91,(anonymous_6)
FN:100,(anonymous_7)
FN:158,(anonymous_8)
FN:165,(anonymous_9)
FN:172,(anonymous_10)
FNF:10
FNH:10
FNDA:63,Bindable
FNDA:96,(anonymous_2)
FNDA:1,(anonymous_3)
FNDA:3,(anonymous_4)
FNDA:47,(anonymous_5)
FNDA:1,(anonymous_6)
FNDA:34,(anonymous_7)
FNDA:16,(anonymous_8)
FNDA:1,(anonymous_9)
FNDA:3,(anonymous_10)
DA:1,1
DA:5,1
DA:7,63
DA:8,38
DA:10,25
DA:13,63
DA:16,1
DA:18,1
DA:29,96
DA:32,45
DA:33,1
DA:36,44
DA:43,1
DA:50,3
DA:59,47
DA:62,47
DA:63,18
DA:67,29
DA:73,29
DA:75,27
DA:77,27
DA:80,26
DA:81,9
DA:85,28
DA:92,1
DA:93,2
DA:102,34
DA:105,34
DA:106,12
DA:107,12
DA:111,22
DA:118,22
DA:120,25
DA:121,25
DA:122,25
DA:125,25
DA:126,13
DA:131,25
DA:133,9
DA:135,9
DA:136,9
DA:137,9
DA:141,22
DA:142,13
DA:143,13
DA:144,13
DA:148,34
DA:150,33
DA:151,33
DA:152,33
DA:159,16
DA:166,1
DA:173,3
DA:175,3
DA:176,5
DA:178,5
DA:179,1
DA:182,5
DA:184,3
DA:188,1
LF:60
LH:60
BRDA:7,1,0,38
BRDA:7,1,1,25
BRDA:29,2,0,51
BRDA:29,2,1,45
BRDA:32,3,0,1
BRDA:32,3,1,44
BRDA:32,4,0,45
BRDA:32,4,1,7
BRDA:62,5,0,18
BRDA:62,5,1,29
BRDA:62,6,0,47
BRDA:62,6,1,30
BRDA:67,7,0,12
BRDA:67,7,1,17
BRDA:77,8,0,1
BRDA:77,8,1,26
BRDA:80,9,0,9
BRDA:80,9,1,17
BRDA:80,10,0,26
BRDA:80,10,1,9
BRDA:85,11,0,28
BRDA:85,11,1,0
BRDA:105,12,0,12
BRDA:105,12,1,22
BRDA:105,13,0,34
BRDA:105,13,1,24
BRDA:107,14,0,11
BRDA:107,14,1,1
BRDA:111,15,0,12
BRDA:111,15,1,10
BRDA:125,16,0,13
BRDA:125,16,1,12
BRDA:125,17,0,25
BRDA:125,17,1,12
BRDA:131,18,0,9
BRDA:131,18,1,16
BRDA:141,19,0,13
BRDA:141,19,1,9
BRDA:141,20,0,22
BRDA:141,20,1,13
BRDA:148,21,0,1
BRDA:148,21,1,33
BRDA:178,22,0,1
BRDA:178,22,1,4
BRDA:178,23,0,5
BRDA:178,23,1,5
BRF:46
BRH:45
end_of_record
TN:
SF:/Users/craig/Developer/Public/bindable.js/lib/core/eventEmitter.js
FN:4,EventEmitter
FN:8,(anonymous_2)
FN:12,(anonymous_3)
FN:30,(anonymous_4)
FN:36,(anonymous_5)
FN:53,(anonymous_6)
FN:55,listener2
FN:65,(anonymous_8)
FN:108,(anonymous_9)
FNF:9
FNH:9
FNDA:73,EventEmitter
FNDA:1,(anonymous_2)
FNDA:109,(anonymous_3)
FNDA:72,(anonymous_4)
FNDA:72,(anonymous_5)
FNDA:15,(anonymous_6)
FNDA:14,listener2
FNDA:87,(anonymous_8)
FNDA:2,(anonymous_9)
DA:1,1
DA:4,1
DA:5,73
DA:8,1
DA:12,1
DA:14,109
DA:15,1
DA:18,108
DA:19,108
DA:20,86
DA:21,22
DA:22,4
DA:24,18
DA:27,108
DA:29,108
DA:31,72
DA:36,1
DA:38,72
DA:40,72
DA:41,1
DA:44,71
DA:45,49
DA:47,22
DA:48,22
DA:53,1
DA:55,1
DA:56,14
DA:57,14
DA:60,15
DA:61,15
DA:62,15
DA:65,1
DA:69,87
DA:72,30
DA:76,30
DA:77,25
DA:78,5
DA:80,20
DA:82,1
DA:83,1
DA:85,11
DA:86,11
DA:88,2
DA:89,2
DA:91,6
DA:92,6
DA:93,39
DA:94,6
DA:98,5
DA:99,5
DA:100,5
DA:101,5
DA:102,8
DA:108,1
DA:109,2
DA:110,1
DA:112,1
DA:118,1
LF:58
LH:58
BRDA:14,1,0,1
BRDA:14,1,1,108
BRDA:19,2,0,86
BRDA:19,2,1,22
BRDA:21,3,0,4
BRDA:21,3,1,18
BRDA:40,4,0,1
BRDA:40,4,1,71
BRDA:44,5,0,49
BRDA:44,5,1,22
BRDA:48,6,0,20
BRDA:48,6,1,2
BRDA:69,7,0,57
BRDA:69,7,1,30
BRDA:76,8,0,25
BRDA:76,8,1,5
BRDA:77,9,0,5
BRDA:77,9,1,20
BRDA:80,10,0,1
BRDA:80,10,1,11
BRDA:80,10,2,2
BRDA:80,10,3,6
BRDA:102,11,0,8
BRDA:102,11,1,0
BRDA:109,12,0,1
BRDA:109,12,1,1
BRF:26
BRH:25
end_of_record
TN:
SF:/Users/craig/Developer/Public/bindable.js/lib/object/watchProperty.js
FN:7,watchSimple
FN:11,(anonymous_2)
FN:14,(anonymous_3)
FN:25,watchChain
FN:29,onChange
FN:37,bind
FN:89,(anonymous_7)
FN:143,dispose
FN:154,(anonymous_9)
FN:164,watchMultiple
FN:170,(anonymous_11)
FN:174,(anonymous_12)
FN:176,onChange
FN:186,(anonymous_14)
FN:191,(anonymous_15)
FN:202,watchProperty
FNF:16
FNH:15
FNDA:6,watchSimple
FNDA:4,(anonymous_2)
FNDA:1,(anonymous_3)
FNDA:9,watchChain
FNDA:10,onChange
FNDA:50,bind
FNDA:11,(anonymous_7)
FNDA:11,dispose
FNDA:17,(anonymous_9)
FNDA:1,watchMultiple
FNDA:1,(anonymous_11)
FNDA:2,(anonymous_12)
FNDA:2,onChange
FNDA:1,(anonymous_14)
FNDA:0,(anonymous_15)
FNDA:16,watchProperty
DA:1,1
DA:7,1
DA:8,6
DA:10,6
DA:12,4
DA:15,1
DA:25,1
DA:27,9
DA:29,1
DA:30,10
DA:31,10
DA:32,10
DA:33,10
DA:34,10
DA:37,1
DA:39,50
DA:51,50
DA:53,11
DA:55,17
DA:56,17
DA:59,17
DA:60,6
DA:62,6
DA:65,17
DA:66,17
DA:70,17
DA:72,6
DA:75,6
DA:79,6
DA:80,0
DA:81,0
DA:86,6
DA:89,6
DA:91,11
DA:92,4
DA:93,4
DA:96,7
DA:99,7
DA:100,7
DA:103,7
DA:105,6
DA:106,11
DA:107,0
DA:108,0
DA:111,11
DA:114,11
DA:115,5
DA:120,39
DA:121,66
DA:122,66
DA:124,66
DA:125,64
DA:130,66
DA:131,24
DA:132,24
DA:135,66
DA:137,39
DA:143,1
DA:144,11
DA:145,11
DA:146,51
DA:148,11
DA:151,9
DA:153,9
DA:155,17
DA:164,1
DA:166,1
DA:170,1
DA:171,1
DA:174,1
DA:176,1
DA:177,2
DA:178,2
DA:179,2
DA:182,2
DA:185,1
DA:187,1
DA:188,2
DA:192,0
DA:193,0
DA:202,1
DA:205,16
DA:207,15
DA:210,15
DA:213,9
DA:216,1
LF:86
LH:80
BRDA:51,1,0,11
BRDA:51,1,1,39
BRDA:59,2,0,6
BRDA:59,2,1,11
BRDA:65,3,0,17
BRDA:65,3,1,0
BRDA:70,4,0,6
BRDA:70,4,1,11
BRDA:70,5,0,17
BRDA:70,5,1,6
BRDA:72,6,0,4
BRDA:72,6,1,2
BRDA:79,7,0,0
BRDA:79,7,1,6
BRDA:91,8,0,4
BRDA:91,8,1,7
BRDA:96,9,0,0
BRDA:96,9,1,7
BRDA:99,10,0,7
BRDA:99,10,1,0
BRDA:106,11,0,0
BRDA:106,11,1,11
BRDA:106,12,0,11
BRDA:106,12,1,11
BRDA:114,13,0,5
BRDA:114,13,1,6
BRDA:124,14,0,64
BRDA:124,14,1,2
BRDA:130,15,0,24
BRDA:130,15,1,42
BRDA:130,16,0,66
BRDA:130,16,1,62
BRDA:144,17,0,0
BRDA:144,17,1,11
BRDA:205,18,0,1
BRDA:205,18,1,15
BRDA:210,19,0,6
BRDA:210,19,1,9
BRF:38
BRH:32
end_of_record
TN:
SF:/Users/craig/Developer/Public/bindable.js/lib/utils/computed.js
FN:3,(anonymous_1)
FNF:1
FNH:0
FNDA:0,(anonymous_1)
DA:1,1
DA:3,1
DA:4,0
DA:5,0
DA:6,0
LF:5
LH:2
BRF:0
BRH:0
end_of_record
TN:
SF:/Users/craig/Developer/Public/bindable.js/lib/utils/options.js
FNF:0
FNH:0
DA:1,1
LF:1
LH:1
BRDA:3,1,0,0
BRDA:3,1,1,1
BRF:2
BRH:1
end_of_record
