TN:
SF:/Users/craig/Developer/Public/bindable.js/lib/index.js
FNF:0
FNH:0
DA:1,1
DA:9,1
DA:10,0
LF:3
LH:2
BRDA:9,1,0,0
BRDA:9,1,1,1
BRF:2
BRH:1
end_of_record
TN:
SF:/Users/craig/Developer/Public/bindable.js/lib/object/index.js
FN:5,Bindable
FN:28,(anonymous_2)
FN:42,(anonymous_3)
FN:49,(anonymous_4)
FN:57,(anonymous_5)
FN:91,(anonymous_6)
FN:100,(anonymous_7)
FN:159,(anonymous_8)
FN:166,(anonymous_9)
FN:173,(anonymous_10)
FNF:10
FNH:10
FNDA:122,Bindable
FNDA:158,(anonymous_2)
FNDA:1,(anonymous_3)
FNDA:3,(anonymous_4)
FNDA:79,(anonymous_5)
FNDA:2,(anonymous_6)
FNDA:114,(anonymous_7)
FNDA:46,(anonymous_8)
FNDA:1,(anonymous_9)
FNDA:3,(anonymous_10)
DA:1,1
DA:5,1
DA:7,122
DA:8,89
DA:10,33
DA:13,122
DA:16,1
DA:18,1
DA:29,158
DA:32,97
DA:33,1
DA:36,96
DA:43,1
DA:50,3
DA:59,79
DA:62,79
DA:63,55
DA:67,24
DA:73,24
DA:75,28
DA:77,28
DA:80,27
DA:81,9
DA:85,23
DA:92,2
DA:93,4
DA:102,114
DA:105,114
DA:106,90
DA:107,90
DA:111,24
DA:118,24
DA:120,27
DA:121,27
DA:122,27
DA:124,27
DA:125,13
DA:129,27
DA:131,9
DA:133,9
DA:134,9
DA:135,9
DA:136,9
DA:140,24
DA:141,15
DA:142,15
DA:143,15
DA:147,114
DA:149,103
DA:151,103
DA:152,103
DA:153,103
DA:160,46
DA:167,1
DA:174,3
DA:176,3
DA:177,5
DA:179,5
DA:180,1
DA:183,5
DA:185,3
DA:189,1
LF:62
LH:62
BRDA:7,1,0,89
BRDA:7,1,1,33
BRDA:29,2,0,61
BRDA:29,2,1,97
BRDA:32,3,0,1
BRDA:32,3,1,96
BRDA:32,4,0,97
BRDA:32,4,1,27
BRDA:62,5,0,55
BRDA:62,5,1,24
BRDA:62,6,0,79
BRDA:62,6,1,68
BRDA:67,7,0,13
BRDA:67,7,1,11
BRDA:77,8,0,1
BRDA:77,8,1,27
BRDA:80,9,0,9
BRDA:80,9,1,18
BRDA:80,10,0,27
BRDA:80,10,1,9
BRDA:85,11,0,23
BRDA:85,11,1,0
BRDA:105,12,0,90
BRDA:105,12,1,24
BRDA:105,13,0,114
BRDA:105,13,1,104
BRDA:107,14,0,79
BRDA:107,14,1,11
BRDA:111,15,0,14
BRDA:111,15,1,10
BRDA:124,16,0,13
BRDA:124,16,1,14
BRDA:124,17,0,27
BRDA:124,17,1,14
BRDA:129,18,0,9
BRDA:129,18,1,18
BRDA:140,19,0,15
BRDA:140,19,1,9
BRDA:140,20,0,24
BRDA:140,20,1,15
BRDA:147,21,0,11
BRDA:147,21,1,103
BRDA:149,22,0,24
BRDA:149,22,1,79
BRDA:179,23,0,1
BRDA:179,23,1,4
BRDA:179,24,0,5
BRDA:179,24,1,5
BRF:48
BRH:47
end_of_record
TN:
SF:/Users/craig/Developer/Public/bindable.js/lib/core/eventEmitter.js
FN:4,EventEmitter
FN:8,(anonymous_2)
FN:12,(anonymous_3)
FN:30,(anonymous_4)
FN:36,(anonymous_5)
FN:56,(anonymous_6)
FN:58,listener2
FN:68,(anonymous_8)
FN:107,(anonymous_9)
FNF:9
FNH:9
FNDA:132,EventEmitter
FNDA:1,(anonymous_2)
FNDA:140,(anonymous_3)
FNDA:73,(anonymous_4)
FNDA:73,(anonymous_5)
FNDA:15,(anonymous_6)
FNDA:14,listener2
FNDA:362,(anonymous_8)
FNDA:2,(anonymous_9)
DA:1,1
DA:4,1
DA:5,132
DA:8,1
DA:12,1
DA:14,140
DA:15,1
DA:18,139
DA:19,139
DA:20,124
DA:21,15
DA:22,8
DA:24,7
DA:27,139
DA:29,139
DA:31,73
DA:36,1
DA:38,73
DA:40,73
DA:41,2
DA:44,71
DA:45,53
DA:47,18
DA:48,18
DA:49,18
DA:50,5
DA:56,1
DA:58,1
DA:59,14
DA:60,14
DA:63,15
DA:64,15
DA:65,15
DA:68,1
DA:70,362
DA:72,42
DA:75,42
DA:76,38
DA:77,5
DA:79,33
DA:81,1
DA:82,1
DA:84,24
DA:85,24
DA:87,2
DA:88,2
DA:90,6
DA:91,6
DA:92,39
DA:93,6
DA:97,4
DA:98,4
DA:99,4
DA:100,4
DA:101,8
DA:107,1
DA:108,2
DA:109,1
DA:111,1
DA:117,1
LF:60
LH:60
BRDA:14,1,0,1
BRDA:14,1,1,139
BRDA:19,2,0,124
BRDA:19,2,1,15
BRDA:21,3,0,8
BRDA:21,3,1,7
BRDA:40,4,0,2
BRDA:40,4,1,71
BRDA:44,5,0,53
BRDA:44,5,1,18
BRDA:48,6,0,17
BRDA:48,6,1,1
BRDA:49,7,0,5
BRDA:49,7,1,13
BRDA:70,8,0,320
BRDA:70,8,1,42
BRDA:75,9,0,38
BRDA:75,9,1,4
BRDA:76,10,0,5
BRDA:76,10,1,33
BRDA:79,11,0,1
BRDA:79,11,1,24
BRDA:79,11,2,2
BRDA:79,11,3,6
BRDA:101,12,0,6
BRDA:101,12,1,2
BRDA:108,13,0,1
BRDA:108,13,1,1
BRF:28
BRH:28
end_of_record
TN:
SF:/Users/craig/Developer/Public/bindable.js/lib/object/watchProperty.js
FN:9,watchSimple
FN:13,(anonymous_2)
FN:18,(anonymous_3)
FN:22,(anonymous_4)
FN:33,watchChain
FN:37,onChange
FN:50,bind
FN:99,(anonymous_8)
FN:151,dispose
FN:162,(anonymous_10)
FN:173,watchMultiple
FN:181,(anonymous_12)
FN:183,onChange
FN:194,(anonymous_14)
FN:200,(anonymous_15)
FN:211,watchProperty
FNF:16
FNH:15
FNDA:27,watchSimple
FNDA:12,(anonymous_2)
FNDA:24,(anonymous_3)
FNDA:3,(anonymous_4)
FNDA:14,watchChain
FNDA:10,onChange
FNDA:67,bind
FNDA:20,(anonymous_8)
FNDA:12,dispose
FNDA:22,(anonymous_10)
FNDA:3,watchMultiple
FNDA:6,(anonymous_12)
FNDA:6,onChange
FNDA:2,(anonymous_14)
FNDA:0,(anonymous_15)
FNDA:46,watchProperty
DA:1,1
DA:9,1
DA:11,27
DA:13,27
DA:14,12
DA:17,27
DA:19,24
DA:20,24
DA:23,3
DA:33,1
DA:35,14
DA:37,1
DA:38,10
DA:39,10
DA:40,10
DA:41,10
DA:42,10
DA:46,14
DA:47,0
DA:50,1
DA:52,67
DA:64,67
DA:66,30
DA:68,33
DA:69,33
DA:71,33
DA:74,33
DA:75,10
DA:77,10
DA:80,33
DA:81,33
DA:84,33
DA:89,9
DA:90,2
DA:91,2
DA:96,9
DA:99,9
DA:101,20
DA:104,20
DA:105,17
DA:108,20
DA:110,9
DA:111,24
DA:112,0
DA:113,0
DA:116,24
DA:120,30
DA:121,18
DA:126,37
DA:127,63
DA:128,63
DA:130,63
DA:132,63
DA:136,63
DA:137,21
DA:138,21
DA:141,63
DA:145,37
DA:151,1
DA:152,12
DA:153,12
DA:154,50
DA:156,12
DA:159,14
DA:161,14
DA:163,22
DA:164,22
DA:173,1
DA:175,3
DA:181,3
DA:183,1
DA:184,6
DA:185,6
DA:186,6
DA:189,6
DA:192,3
DA:195,2
DA:196,4
DA:198,2
DA:201,0
DA:202,0
DA:211,1
DA:213,46
DA:214,18
DA:217,44
DA:220,44
DA:221,3
DA:224,41
DA:227,41
DA:228,27
DA:232,14
DA:236,44
DA:239,1
LF:93
LH:88
BRDA:35,1,0,7
BRDA:35,1,1,7
BRDA:40,2,0,1
BRDA:40,2,1,9
BRDA:46,3,0,0
BRDA:46,3,1,14
BRDA:46,4,0,14
BRDA:46,4,1,7
BRDA:52,5,0,60
BRDA:52,5,1,7
BRDA:64,6,0,30
BRDA:64,6,1,37
BRDA:74,7,0,10
BRDA:74,7,1,23
BRDA:81,8,0,31
BRDA:81,8,1,2
BRDA:84,9,0,9
BRDA:84,9,1,24
BRDA:84,10,0,33
BRDA:84,10,1,10
BRDA:89,11,0,2
BRDA:89,11,1,7
BRDA:101,12,0,0
BRDA:101,12,1,20
BRDA:104,13,0,17
BRDA:104,13,1,3
BRDA:111,14,0,0
BRDA:111,14,1,24
BRDA:111,15,0,24
BRDA:111,15,1,21
BRDA:111,15,2,0
BRDA:120,16,0,18
BRDA:120,16,1,12
BRDA:120,17,0,30
BRDA:120,17,1,20
BRDA:132,18,0,61
BRDA:132,18,1,2
BRDA:136,19,0,21
BRDA:136,19,1,42
BRDA:136,20,0,63
BRDA:136,20,1,59
BRDA:136,20,2,22
BRDA:145,21,0,16
BRDA:145,21,1,21
BRDA:152,22,0,0
BRDA:152,22,1,12
BRDA:178,23,0,0
BRDA:178,23,1,3
BRDA:213,24,0,18
BRDA:213,24,1,28
BRDA:220,25,0,3
BRDA:220,25,1,41
BRDA:227,26,0,27
BRDA:227,26,1,14
BRF:54
BRH:48
end_of_record
TN:
SF:/Users/craig/Developer/Public/bindable.js/lib/object/transform.js
FN:20,getToPropertyFn
FN:21,(anonymous_2)
FN:26,transform
FN:28,(anonymous_4)
FN:29,(anonymous_5)
FN:91,(anonymous_6)
FNF:6
FNH:6
FNDA:9,getToPropertyFn
FNDA:11,(anonymous_2)
FNDA:19,transform
FNDA:17,(anonymous_4)
FNDA:21,(anonymous_5)
FNDA:24,(anonymous_6)
DA:1,1
DA:20,1
DA:21,9
DA:22,11
DA:26,1
DA:28,19
DA:29,21
DA:37,19
DA:38,18
DA:41,19
DA:42,18
DA:45,19
DA:46,1
DA:49,18
DA:50,19
DA:58,19
DA:62,1
DA:65,1
DA:66,1
DA:70,1
DA:73,18
DA:74,9
DA:75,9
DA:76,9
DA:77,1
DA:82,17
DA:83,1
DA:84,1
DA:88,17
DA:91,17
DA:93,24
DA:96,24
DA:97,2
DA:100,22
DA:101,3
DA:104,22
DA:107,22
DA:109,19
DA:110,20
DA:115,1
LF:40
LH:40
BRDA:28,1,0,19
BRDA:28,1,1,17
BRDA:29,2,0,19
BRDA:29,2,1,16
BRDA:30,3,0,19
BRDA:30,3,1,18
BRDA:31,4,0,19
BRDA:31,4,1,18
BRDA:31,4,2,16
BRDA:31,5,0,2
BRDA:31,5,1,16
BRDA:37,6,0,18
BRDA:37,6,1,1
BRDA:41,7,0,18
BRDA:41,7,1,1
BRDA:45,8,0,1
BRDA:45,8,1,18
BRDA:58,9,0,1
BRDA:58,9,1,18
BRDA:73,10,0,9
BRDA:73,10,1,9
BRDA:76,11,0,1
BRDA:76,11,1,8
BRDA:82,12,0,1
BRDA:82,12,1,16
BRDA:94,13,0,7
BRDA:94,13,1,17
BRDA:96,14,0,2
BRDA:96,14,1,22
BRDA:100,15,0,3
BRDA:100,15,1,19
BRDA:100,16,0,22
BRDA:100,16,1,4
BRDA:107,17,0,3
BRDA:107,17,1,19
BRF:35
BRH:35
end_of_record
TN:
SF:/Users/craig/Developer/Public/bindable.js/lib/utils/options.js
FNF:0
FNH:0
DA:1,1
LF:1
LH:1
BRF:0
BRH:0
end_of_record
TN:
SF:/Users/craig/Developer/Public/bindable.js/lib/collection/index.js
FN:8,BindableCollection
FN:22,(anonymous_2)
FN:29,(anonymous_3)
FN:52,(anonymous_4)
FN:59,(anonymous_5)
FN:66,(anonymous_6)
FN:73,(anonymous_7)
FN:80,(anonymous_8)
FN:87,(anonymous_9)
FN:94,(anonymous_10)
FN:101,(anonymous_11)
FN:108,(anonymous_12)
FN:117,(anonymous_13)
FN:126,(anonymous_14)
FN:145,(anonymous_15)
FN:156,(anonymous_16)
FNF:16
FNH:16
FNDA:19,BindableCollection
FNDA:1,(anonymous_2)
FNDA:4,(anonymous_3)
FNDA:5,(anonymous_4)
FNDA:1,(anonymous_5)
FNDA:2,(anonymous_6)
FNDA:1,(anonymous_7)
FNDA:9,(anonymous_8)
FNDA:1,(anonymous_9)
FNDA:1,(anonymous_10)
FNDA:1,(anonymous_11)
FNDA:3,(anonymous_12)
FNDA:1,(anonymous_13)
FNDA:1,(anonymous_14)
FNDA:2,(anonymous_15)
FNDA:28,(anonymous_16)
DA:1,1
DA:8,1
DA:9,19
DA:10,19
DA:11,19
DA:17,1
DA:23,1
DA:31,4
DA:33,3
DA:34,3
DA:38,3
DA:40,3
DA:41,2
DA:44,3
DA:53,5
DA:60,1
DA:67,2
DA:74,1
DA:81,9
DA:88,1
DA:95,1
DA:102,1
DA:109,3
DA:110,3
DA:111,3
DA:118,1
DA:119,1
DA:120,1
DA:127,1
DA:130,1
DA:131,1
DA:134,1
DA:135,1
DA:138,1
DA:146,2
DA:147,2
DA:148,1
DA:149,1
DA:150,1
DA:157,28
DA:158,28
DA:162,1
LF:42
LH:42
BRDA:10,1,0,19
BRDA:10,1,1,5
BRDA:31,2,0,1
BRDA:31,2,1,3
BRDA:38,3,0,3
BRDA:38,3,1,1
BRDA:147,4,0,1
BRDA:147,4,1,1
BRF:8
BRH:8
end_of_record
TN:
SF:/Users/craig/Developer/Public/bindable.js/lib/utils/computed.js
FN:3,(anonymous_1)
FNF:1
FNH:1
FNDA:2,(anonymous_1)
DA:1,1
DA:3,1
DA:4,2
DA:5,2
DA:6,2
LF:5
LH:5
BRF:0
BRH:0
end_of_record
